 ETABS 2015 Ultimate 64-bit 15.0.0 Build 1221 (Analysis Build 9340/64)          
 File: C:\Users\TheTrailblazer...uments\GitHub\A23-model\A23example-45x45RSA.OUT
                                                                     
                                                                       

 1, CONSTR = RIGID, DOF = U1 U2 R3

                     LOCAL COORDINATE SYSTEM FOR CONSTRAINT MASTER
  GLOBAL          U1          U2          U3          R1          R2          R3
     X      1.000000     .000000     .000000    1.000000     .000000     .000000
     Y       .000000    1.000000     .000000     .000000    1.000000     .000000
     Z       .000000     .000000    1.000000     .000000     .000000    1.000000

                     TRANSLATIONAL MASS AND MASS MOMENTS OF INERTIA
                  U1          U2          U3          R1          R2          R3
          152.451186  152.451186     .000000     .000000     .000000  3.2205E+09

                     CENTER OF MASS
  GLOBAL          U1          U2          U3
     X     38.889008   38.889008 -189.393153
     Y      3.19E-14    3.19E-14    2.10E-13
     Z     90150.000   90150.000   90150.000

 3, CONSTR = RIGID, DOF = U1 U2 R3

                     LOCAL COORDINATE SYSTEM FOR CONSTRAINT MASTER
  GLOBAL          U1          U2          U3          R1          R2          R3
     X      1.000000     .000000     .000000    1.000000     .000000     .000000
     Y       .000000    1.000000     .000000     .000000    1.000000     .000000
     Z       .000000     .000000    1.000000     .000000     .000000    1.000000

                     TRANSLATIONAL MASS AND MASS MOMENTS OF INERTIA
                  U1          U2          U3          R1          R2          R3
          520.484041  520.484041     .000000     .000000     .000000  4.6495E+10

                     CENTER OF MASS
  GLOBAL          U1          U2          U3
     X     39.097379   39.097379  -21.848245
     Y     -1.04E-13   -1.04E-13    1.01E-13
     Z     85080.000   85080.000   85080.000

 5, CONSTR = RIGID, DOF = U1 U2 R3

                     LOCAL COORDINATE SYSTEM FOR CONSTRAINT MASTER
  GLOBAL          U1          U2          U3          R1          R2          R3
     X      1.000000     .000000     .000000    1.000000     .000000     .000000
     Y       .000000    1.000000     .000000     .000000    1.000000     .000000
     Z       .000000     .000000    1.000000     .000000     .000000    1.000000

                     TRANSLATIONAL MASS AND MASS MOMENTS OF INERTIA
                  U1          U2          U3          R1          R2          R3
          490.214124  490.214124     .000000     .000000     .000000  4.8318E+10

                     CENTER OF MASS
  GLOBAL          U1          U2          U3
     X     28.828807   28.828807  -22.228563
     Y     -1.10E-13   -1.10E-13    1.01E-13
     Z     82300.000   82300.000   82300.000

 7, CONSTR = RIGID, DOF = U1 U2 R3

                     LOCAL COORDINATE SYSTEM FOR CONSTRAINT MASTER
  GLOBAL          U1          U2          U3          R1          R2          R3
     X      1.000000     .000000     .000000    1.000000     .000000     .000000
     Y       .000000    1.000000     .000000     .000000    1.000000     .000000
     Z       .000000     .000000    1.000000     .000000     .000000    1.000000

                     TRANSLATIONAL MASS AND MASS MOMENTS OF INERTIA
                  U1          U2          U3          R1          R2          R3
          490.214124  490.214124     .000000     .000000     .000000  4.8318E+10

                     CENTER OF MASS
  GLOBAL          U1          U2          U3
     X     28.828807   28.828807  -22.228563
     Y     -1.10E-13   -1.10E-13    1.01E-13
     Z     79520.000   79520.000   79520.000

 9, CONSTR = RIGID, DOF = U1 U2 R3

                     LOCAL COORDINATE SYSTEM FOR CONSTRAINT MASTER
  GLOBAL          U1          U2          U3          R1          R2          R3
     X      1.000000     .000000     .000000    1.000000     .000000     .000000
     Y       .000000    1.000000     .000000     .000000    1.000000     .000000
     Z       .000000     .000000    1.000000     .000000     .000000    1.000000

                     TRANSLATIONAL MASS AND MASS MOMENTS OF INERTIA
                  U1          U2          U3          R1          R2          R3
          490.214124  490.214124     .000000     .000000     .000000  4.8318E+10

                     CENTER OF MASS
  GLOBAL          U1          U2          U3
     X     28.828807   28.828807  -22.228563
     Y     -1.10E-13   -1.10E-13    1.01E-13
     Z     76740.000   76740.000   76740.000

 11, CONSTR = RIGID, DOF = U1 U2 R3

                     LOCAL COORDINATE SYSTEM FOR CONSTRAINT MASTER
  GLOBAL          U1          U2          U3          R1          R2          R3
     X      1.000000     .000000     .000000    1.000000     .000000     .000000
     Y       .000000    1.000000     .000000     .000000    1.000000     .000000
     Z       .000000     .000000    1.000000     .000000     .000000    1.000000

                     TRANSLATIONAL MASS AND MASS MOMENTS OF INERTIA
                  U1          U2          U3          R1          R2          R3
          490.214124  490.214124     .000000     .000000     .000000  4.8318E+10

                     CENTER OF MASS
  GLOBAL          U1          U2          U3
     X     28.828807   28.828807  -22.228563
     Y     -1.10E-13   -1.10E-13    1.01E-13
     Z     73960.000   73960.000   73960.000

 13, CONSTR = RIGID, DOF = U1 U2 R3

                     LOCAL COORDINATE SYSTEM FOR CONSTRAINT MASTER
  GLOBAL          U1          U2          U3          R1          R2          R3
     X      1.000000     .000000     .000000    1.000000     .000000     .000000
     Y       .000000    1.000000     .000000     .000000    1.000000     .000000
     Z       .000000     .000000    1.000000     .000000     .000000    1.000000

                     TRANSLATIONAL MASS AND MASS MOMENTS OF INERTIA
                  U1          U2          U3          R1          R2          R3
          490.214124  490.214124     .000000     .000000     .000000  4.8318E+10

                     CENTER OF MASS
  GLOBAL          U1          U2          U3
     X     28.828807   28.828807  -22.228563
     Y     -1.10E-13   -1.10E-13    1.01E-13
     Z     71180.000   71180.000   71180.000

 15, CONSTR = RIGID, DOF = U1 U2 R3

                     LOCAL COORDINATE SYSTEM FOR CONSTRAINT MASTER
  GLOBAL          U1          U2          U3          R1          R2          R3
     X      1.000000     .000000     .000000    1.000000     .000000     .000000
     Y       .000000    1.000000     .000000     .000000    1.000000     .000000
     Z       .000000     .000000    1.000000     .000000     .000000    1.000000

                     TRANSLATIONAL MASS AND MASS MOMENTS OF INERTIA
                  U1          U2          U3          R1          R2          R3
          490.214124  490.214124     .000000     .000000     .000000  4.8318E+10

                     CENTER OF MASS
  GLOBAL          U1          U2          U3
     X     28.828807   28.828807  -22.228563
     Y     -1.10E-13   -1.10E-13    1.01E-13
     Z     68400.000   68400.000   68400.000

 17, CONSTR = RIGID, DOF = U1 U2 R3

                     LOCAL COORDINATE SYSTEM FOR CONSTRAINT MASTER
  GLOBAL          U1          U2          U3          R1          R2          R3
     X      1.000000     .000000     .000000    1.000000     .000000     .000000
     Y       .000000    1.000000     .000000     .000000    1.000000     .000000
     Z       .000000     .000000    1.000000     .000000     .000000    1.000000

                     TRANSLATIONAL MASS AND MASS MOMENTS OF INERTIA
                  U1          U2          U3          R1          R2          R3
          490.214124  490.214124     .000000     .000000     .000000  4.8318E+10

                     CENTER OF MASS
  GLOBAL          U1          U2          U3
     X     28.828807   28.828807  -22.228563
     Y     -1.10E-13   -1.10E-13    1.01E-13
     Z     65620.000   65620.000   65620.000

 19, CONSTR = RIGID, DOF = U1 U2 R3

                     LOCAL COORDINATE SYSTEM FOR CONSTRAINT MASTER
  GLOBAL          U1          U2          U3          R1          R2          R3
     X      1.000000     .000000     .000000    1.000000     .000000     .000000
     Y       .000000    1.000000     .000000     .000000    1.000000     .000000
     Z       .000000     .000000    1.000000     .000000     .000000    1.000000

                     TRANSLATIONAL MASS AND MASS MOMENTS OF INERTIA
                  U1          U2          U3          R1          R2          R3
          490.214124  490.214124     .000000     .000000     .000000  4.8318E+10

                     CENTER OF MASS
  GLOBAL          U1          U2          U3
     X     28.828807   28.828807  -22.228563
     Y     -1.10E-13   -1.10E-13    1.01E-13
     Z     62840.000   62840.000   62840.000

 21, CONSTR = RIGID, DOF = U1 U2 R3

                     LOCAL COORDINATE SYSTEM FOR CONSTRAINT MASTER
  GLOBAL          U1          U2          U3          R1          R2          R3
     X      1.000000     .000000     .000000    1.000000     .000000     .000000
     Y       .000000    1.000000     .000000     .000000    1.000000     .000000
     Z       .000000     .000000    1.000000     .000000     .000000    1.000000

                     TRANSLATIONAL MASS AND MASS MOMENTS OF INERTIA
                  U1          U2          U3          R1          R2          R3
          490.214124  490.214124     .000000     .000000     .000000  4.8318E+10

                     CENTER OF MASS
  GLOBAL          U1          U2          U3
     X     28.828807   28.828807  -22.228563
     Y     -1.10E-13   -1.10E-13    1.01E-13
     Z     60060.000   60060.000   60060.000

 23, CONSTR = RIGID, DOF = U1 U2 R3

                     LOCAL COORDINATE SYSTEM FOR CONSTRAINT MASTER
  GLOBAL          U1          U2          U3          R1          R2          R3
     X      1.000000     .000000     .000000    1.000000     .000000     .000000
     Y       .000000    1.000000     .000000     .000000    1.000000     .000000
     Z       .000000     .000000    1.000000     .000000     .000000    1.000000

                     TRANSLATIONAL MASS AND MASS MOMENTS OF INERTIA
                  U1          U2          U3          R1          R2          R3
          490.214124  490.214124     .000000     .000000     .000000  4.8318E+10

                     CENTER OF MASS
  GLOBAL          U1          U2          U3
     X     28.828807   28.828807  -22.228563
     Y     -1.10E-13   -1.10E-13    1.01E-13
     Z     57280.000   57280.000   57280.000

 25, CONSTR = RIGID, DOF = U1 U2 R3

                     LOCAL COORDINATE SYSTEM FOR CONSTRAINT MASTER
  GLOBAL          U1          U2          U3          R1          R2          R3
     X      1.000000     .000000     .000000    1.000000     .000000     .000000
     Y       .000000    1.000000     .000000     .000000    1.000000     .000000
     Z       .000000     .000000    1.000000     .000000     .000000    1.000000

                     TRANSLATIONAL MASS AND MASS MOMENTS OF INERTIA
                  U1          U2          U3          R1          R2          R3
          490.214124  490.214124     .000000     .000000     .000000  4.8318E+10

                     CENTER OF MASS
  GLOBAL          U1          U2          U3
     X     28.828807   28.828807  -22.228563
     Y     -1.10E-13   -1.10E-13    1.01E-13
     Z     54500.000   54500.000   54500.000

 27, CONSTR = RIGID, DOF = U1 U2 R3

                     LOCAL COORDINATE SYSTEM FOR CONSTRAINT MASTER
  GLOBAL          U1          U2          U3          R1          R2          R3
     X      1.000000     .000000     .000000    1.000000     .000000     .000000
     Y       .000000    1.000000     .000000     .000000    1.000000     .000000
     Z       .000000     .000000    1.000000     .000000     .000000    1.000000

                     TRANSLATIONAL MASS AND MASS MOMENTS OF INERTIA
                  U1          U2          U3          R1          R2          R3
          490.214124  490.214124     .000000     .000000     .000000  4.8318E+10

                     CENTER OF MASS
  GLOBAL          U1          U2          U3
     X     28.828807   28.828807  -22.228563
     Y     -1.10E-13   -1.10E-13    1.01E-13
     Z     51720.000   51720.000   51720.000

 29, CONSTR = RIGID, DOF = U1 U2 R3

                     LOCAL COORDINATE SYSTEM FOR CONSTRAINT MASTER
  GLOBAL          U1          U2          U3          R1          R2          R3
     X      1.000000     .000000     .000000    1.000000     .000000     .000000
     Y       .000000    1.000000     .000000     .000000    1.000000     .000000
     Z       .000000     .000000    1.000000     .000000     .000000    1.000000

                     TRANSLATIONAL MASS AND MASS MOMENTS OF INERTIA
                  U1          U2          U3          R1          R2          R3
          490.214124  490.214124     .000000     .000000     .000000  4.8318E+10

                     CENTER OF MASS
  GLOBAL          U1          U2          U3
     X     28.828807   28.828807  -22.228563
     Y     -1.10E-13   -1.10E-13    1.01E-13
     Z     48940.000   48940.000   48940.000

 31, CONSTR = RIGID, DOF = U1 U2 R3

                     LOCAL COORDINATE SYSTEM FOR CONSTRAINT MASTER
  GLOBAL          U1          U2          U3          R1          R2          R3
     X      1.000000     .000000     .000000    1.000000     .000000     .000000
     Y       .000000    1.000000     .000000     .000000    1.000000     .000000
     Z       .000000     .000000    1.000000     .000000     .000000    1.000000

                     TRANSLATIONAL MASS AND MASS MOMENTS OF INERTIA
                  U1          U2          U3          R1          R2          R3
          490.214124  490.214124     .000000     .000000     .000000  4.8318E+10

                     CENTER OF MASS
  GLOBAL          U1          U2          U3
     X     28.828807   28.828807  -22.228563
     Y     -1.10E-13   -1.10E-13    1.01E-13
     Z     46160.000   46160.000   46160.000

 33, CONSTR = RIGID, DOF = U1 U2 R3

                     LOCAL COORDINATE SYSTEM FOR CONSTRAINT MASTER
  GLOBAL          U1          U2          U3          R1          R2          R3
     X      1.000000     .000000     .000000    1.000000     .000000     .000000
     Y       .000000    1.000000     .000000     .000000    1.000000     .000000
     Z       .000000     .000000    1.000000     .000000     .000000    1.000000

                     TRANSLATIONAL MASS AND MASS MOMENTS OF INERTIA
                  U1          U2          U3          R1          R2          R3
          490.214124  490.214124     .000000     .000000     .000000  4.8318E+10

                     CENTER OF MASS
  GLOBAL          U1          U2          U3
     X     28.828807   28.828807  -22.228563
     Y     -1.10E-13   -1.10E-13    1.01E-13
     Z     43380.000   43380.000   43380.000

 35, CONSTR = RIGID, DOF = U1 U2 R3

                     LOCAL COORDINATE SYSTEM FOR CONSTRAINT MASTER
  GLOBAL          U1          U2          U3          R1          R2          R3
     X      1.000000     .000000     .000000    1.000000     .000000     .000000
     Y       .000000    1.000000     .000000     .000000    1.000000     .000000
     Z       .000000     .000000    1.000000     .000000     .000000    1.000000

                     TRANSLATIONAL MASS AND MASS MOMENTS OF INERTIA
                  U1          U2          U3          R1          R2          R3
          490.214124  490.214124     .000000     .000000     .000000  4.8318E+10

                     CENTER OF MASS
  GLOBAL          U1          U2          U3
     X     28.828807   28.828807  -22.228563
     Y     -1.10E-13   -1.10E-13    1.01E-13
     Z     40600.000   40600.000   40600.000

 37, CONSTR = RIGID, DOF = U1 U2 R3

                     LOCAL COORDINATE SYSTEM FOR CONSTRAINT MASTER
  GLOBAL          U1          U2          U3          R1          R2          R3
     X      1.000000     .000000     .000000    1.000000     .000000     .000000
     Y       .000000    1.000000     .000000     .000000    1.000000     .000000
     Z       .000000     .000000    1.000000     .000000     .000000    1.000000

                     TRANSLATIONAL MASS AND MASS MOMENTS OF INERTIA
                  U1          U2          U3          R1          R2          R3
          490.214124  490.214124     .000000     .000000     .000000  4.8318E+10

                     CENTER OF MASS
  GLOBAL          U1          U2          U3
     X     28.828807   28.828807  -22.228563
     Y     -1.10E-13   -1.10E-13    1.01E-13
     Z     37820.000   37820.000   37820.000

 39, CONSTR = RIGID, DOF = U1 U2 R3

                     LOCAL COORDINATE SYSTEM FOR CONSTRAINT MASTER
  GLOBAL          U1          U2          U3          R1          R2          R3
     X      1.000000     .000000     .000000    1.000000     .000000     .000000
     Y       .000000    1.000000     .000000     .000000    1.000000     .000000
     Z       .000000     .000000    1.000000     .000000     .000000    1.000000

                     TRANSLATIONAL MASS AND MASS MOMENTS OF INERTIA
                  U1          U2          U3          R1          R2          R3
          490.214124  490.214124     .000000     .000000     .000000  4.8318E+10

                     CENTER OF MASS
  GLOBAL          U1          U2          U3
     X     28.828807   28.828807  -22.228563
     Y     -1.10E-13   -1.10E-13    1.01E-13
     Z     35040.000   35040.000   35040.000

 41, CONSTR = RIGID, DOF = U1 U2 R3

                     LOCAL COORDINATE SYSTEM FOR CONSTRAINT MASTER
  GLOBAL          U1          U2          U3          R1          R2          R3
     X      1.000000     .000000     .000000    1.000000     .000000     .000000
     Y       .000000    1.000000     .000000     .000000    1.000000     .000000
     Z       .000000     .000000    1.000000     .000000     .000000    1.000000

                     TRANSLATIONAL MASS AND MASS MOMENTS OF INERTIA
                  U1          U2          U3          R1          R2          R3
          490.214124  490.214124     .000000     .000000     .000000  4.8318E+10

                     CENTER OF MASS
  GLOBAL          U1          U2          U3
     X     28.828807   28.828807  -22.228563
     Y     -1.10E-13   -1.10E-13    1.01E-13
     Z     32260.000   32260.000   32260.000

 43, CONSTR = RIGID, DOF = U1 U2 R3

                     LOCAL COORDINATE SYSTEM FOR CONSTRAINT MASTER
  GLOBAL          U1          U2          U3          R1          R2          R3
     X      1.000000     .000000     .000000    1.000000     .000000     .000000
     Y       .000000    1.000000     .000000     .000000    1.000000     .000000
     Z       .000000     .000000    1.000000     .000000     .000000    1.000000

                     TRANSLATIONAL MASS AND MASS MOMENTS OF INERTIA
                  U1          U2          U3          R1          R2          R3
          490.214127  490.214127     .000000     .000000     .000000  4.8318E+10

                     CENTER OF MASS
  GLOBAL          U1          U2          U3
     X     28.828808   28.828808  -22.228563
     Y     -1.10E-13   -1.10E-13    1.01E-13
     Z     29480.000   29480.000   29480.000

 45, CONSTR = RIGID, DOF = U1 U2 R3

                     LOCAL COORDINATE SYSTEM FOR CONSTRAINT MASTER
  GLOBAL          U1          U2          U3          R1          R2          R3
     X      1.000000     .000000     .000000    1.000000     .000000     .000000
     Y       .000000    1.000000     .000000     .000000    1.000000     .000000
     Z       .000000     .000000    1.000000     .000000     .000000    1.000000

                     TRANSLATIONAL MASS AND MASS MOMENTS OF INERTIA
                  U1          U2          U3          R1          R2          R3
          490.214130  490.214130     .000000     .000000     .000000  4.8318E+10

                     CENTER OF MASS
  GLOBAL          U1          U2          U3
     X     28.828808   28.828808  -22.228563
     Y     -1.10E-13   -1.10E-13    1.01E-13
     Z     26700.000   26700.000   26700.000

 47, CONSTR = RIGID, DOF = U1 U2 R3

                     LOCAL COORDINATE SYSTEM FOR CONSTRAINT MASTER
  GLOBAL          U1          U2          U3          R1          R2          R3
     X      1.000000     .000000     .000000    1.000000     .000000     .000000
     Y       .000000    1.000000     .000000     .000000    1.000000     .000000
     Z       .000000     .000000    1.000000     .000000     .000000    1.000000

                     TRANSLATIONAL MASS AND MASS MOMENTS OF INERTIA
                  U1          U2          U3          R1          R2          R3
          490.214130  490.214130     .000000     .000000     .000000  4.8318E+10

                     CENTER OF MASS
  GLOBAL          U1          U2          U3
     X     28.828808   28.828808  -22.228563
     Y     -1.10E-13   -1.10E-13    1.01E-13
     Z     23920.000   23920.000   23920.000

 49, CONSTR = RIGID, DOF = U1 U2 R3

                     LOCAL COORDINATE SYSTEM FOR CONSTRAINT MASTER
  GLOBAL          U1          U2          U3          R1          R2          R3
     X      1.000000     .000000     .000000    1.000000     .000000     .000000
     Y       .000000    1.000000     .000000     .000000    1.000000     .000000
     Z       .000000     .000000    1.000000     .000000     .000000    1.000000

                     TRANSLATIONAL MASS AND MASS MOMENTS OF INERTIA
                  U1          U2          U3          R1          R2          R3
          490.214130  490.214130     .000000     .000000     .000000  4.8318E+10

                     CENTER OF MASS
  GLOBAL          U1          U2          U3
     X     28.828808   28.828808  -22.228563
     Y     -1.10E-13   -1.10E-13    1.01E-13
     Z     21140.000   21140.000   21140.000

 51, CONSTR = RIGID, DOF = U1 U2 R3

                     LOCAL COORDINATE SYSTEM FOR CONSTRAINT MASTER
  GLOBAL          U1          U2          U3          R1          R2          R3
     X      1.000000     .000000     .000000    1.000000     .000000     .000000
     Y       .000000    1.000000     .000000     .000000    1.000000     .000000
     Z       .000000     .000000    1.000000     .000000     .000000    1.000000

                     TRANSLATIONAL MASS AND MASS MOMENTS OF INERTIA
                  U1          U2          U3          R1          R2          R3
          490.214130  490.214130     .000000     .000000     .000000  4.8318E+10

                     CENTER OF MASS
  GLOBAL          U1          U2          U3
     X     28.828808   28.828808  -22.228563
     Y     -1.10E-13   -1.10E-13    1.01E-13
     Z     18360.000   18360.000   18360.000

 53, CONSTR = RIGID, DOF = U1 U2 R3

                     LOCAL COORDINATE SYSTEM FOR CONSTRAINT MASTER
  GLOBAL          U1          U2          U3          R1          R2          R3
     X      1.000000     .000000     .000000    1.000000     .000000     .000000
     Y       .000000    1.000000     .000000     .000000    1.000000     .000000
     Z       .000000     .000000    1.000000     .000000     .000000    1.000000

                     TRANSLATIONAL MASS AND MASS MOMENTS OF INERTIA
                  U1          U2          U3          R1          R2          R3
          490.214130  490.214130     .000000     .000000     .000000  4.8318E+10

                     CENTER OF MASS
  GLOBAL          U1          U2          U3
     X     28.828808   28.828808  -22.228563
     Y     -1.10E-13   -1.10E-13    1.01E-13
     Z     15580.000   15580.000   15580.000

 55, CONSTR = RIGID, DOF = U1 U2 R3

                     LOCAL COORDINATE SYSTEM FOR CONSTRAINT MASTER
  GLOBAL          U1          U2          U3          R1          R2          R3
     X      1.000000     .000000     .000000    1.000000     .000000     .000000
     Y       .000000    1.000000     .000000     .000000    1.000000     .000000
     Z       .000000     .000000    1.000000     .000000     .000000    1.000000

                     TRANSLATIONAL MASS AND MASS MOMENTS OF INERTIA
                  U1          U2          U3          R1          R2          R3
          490.214130  490.214130     .000000     .000000     .000000  4.8318E+10

                     CENTER OF MASS
  GLOBAL          U1          U2          U3
     X     28.828808   28.828808  -22.228563
     Y     -1.10E-13   -1.10E-13    1.01E-13
     Z     12800.000   12800.000   12800.000

 57, CONSTR = RIGID, DOF = U1 U2 R3

                     LOCAL COORDINATE SYSTEM FOR CONSTRAINT MASTER
  GLOBAL          U1          U2          U3          R1          R2          R3
     X      1.000000     .000000     .000000    1.000000     .000000     .000000
     Y       .000000    1.000000     .000000     .000000    1.000000     .000000
     Z       .000000     .000000    1.000000     .000000     .000000    1.000000

                     TRANSLATIONAL MASS AND MASS MOMENTS OF INERTIA
                  U1          U2          U3          R1          R2          R3
          490.214130  490.214130     .000000     .000000     .000000  4.8318E+10

                     CENTER OF MASS
  GLOBAL          U1          U2          U3
     X     28.828808   28.828808  -22.228563
     Y     -1.10E-13   -1.10E-13    1.01E-13
     Z     10020.000   10020.000   10020.000

 59, CONSTR = RIGID, DOF = U1 U2 R3

                     LOCAL COORDINATE SYSTEM FOR CONSTRAINT MASTER
  GLOBAL          U1          U2          U3          R1          R2          R3
     X      1.000000     .000000     .000000    1.000000     .000000     .000000
     Y       .000000    1.000000     .000000     .000000    1.000000     .000000
     Z       .000000     .000000    1.000000     .000000     .000000    1.000000

                     TRANSLATIONAL MASS AND MASS MOMENTS OF INERTIA
                  U1          U2          U3          R1          R2          R3
          490.214130  490.214130     .000000     .000000     .000000  4.8318E+10

                     CENTER OF MASS
  GLOBAL          U1          U2          U3
     X     28.828808   28.828808  -22.228563
     Y     -1.10E-13   -1.10E-13    1.01E-13
     Z      7240.000    7240.000    7240.000

 61, CONSTR = RIGID, DOF = U1 U2 R3

                     LOCAL COORDINATE SYSTEM FOR CONSTRAINT MASTER
  GLOBAL          U1          U2          U3          R1          R2          R3
     X      1.000000     .000000     .000000    1.000000     .000000     .000000
     Y       .000000    1.000000     .000000     .000000    1.000000     .000000
     Z       .000000     .000000    1.000000     .000000     .000000    1.000000

                     TRANSLATIONAL MASS AND MASS MOMENTS OF INERTIA
                  U1          U2          U3          R1          R2          R3
          543.859431  543.859431     .000000     .000000     .000000  5.1152E+10

                     CENTER OF MASS
  GLOBAL          U1          U2          U3
     X     24.854380   24.854380  -22.375764
     Y      2.92E-13    2.92E-13    1.01E-13
     Z      4460.000    4460.000    4460.000

 D I S P L A C E M E N T   D E G R E E S   O F   F R E E D O M

         (A) = Active DOF, equilibrium equation
         (-) = Restrained DOF, reaction computed
         (+) = Constrained DOF
         (>) = External substructure DOF
         ( ) = Null DOF

  JOINTS              UX  UY  UZ  RX  RY  RZ
   ~1116               A   A   A   A   A   A
       1               +   +   -   -   -   +
     492 TO     193    +   +   A   A   A   +
   ~1117               A   A   A   A   A   A
       2               +   +   -   -   -   +
      32 TO      31    +   +               +
      30 TO     189    +   +   A   A   A   +
   ~1118               A   A   A   A   A   A
     947               +   +   -   -   -   +
     498 TO     497    +   +               +
     496 TO     185    +   +   A   A   A   +
   ~1119               A   A   A   A   A   A
     948               +   +   -   -   -   +
     512 TO     511    +   +               +
     510 TO     181    +   +   A   A   A   +
   ~1120               A   A   A   A   A   A
     949               +   +   -   -   -   +
     526 TO     525    +   +               +
     524 TO     177    +   +   A   A   A   +
   ~1121               A   A   A   A   A   A
     950               +   +   -   -   -   +
     540 TO     539    +   +               +
     538 TO     173    +   +   A   A   A   +
   ~1122               A   A   A   A   A   A
     951               +   +   -   -   -   +
     554 TO     553    +   +               +
     552 TO     169    +   +   A   A   A   +
   ~1123               A   A   A   A   A   A
     952               +   +   -   -   -   +
     568 TO     567    +   +               +
     566 TO     165    +   +   A   A   A   +
   ~1124               A   A   A   A   A   A
     953               +   +   -   -   -   +
     582 TO     581    +   +               +
     580 TO     161    +   +   A   A   A   +
   ~1125               A   A   A   A   A   A
     954               +   +   -   -   -   +
     596 TO     595    +   +               +
     594 TO     157    +   +   A   A   A   +
   ~1126               A   A   A   A   A   A
     955               +   +   -   -   -   +
     610 TO     609    +   +               +
     608 TO     153    +   +   A   A   A   +
   ~1127               A   A   A   A   A   A
     956               +   +   -   -   -   +
     624 TO     623    +   +               +
     622 TO     149    +   +   A   A   A   +
   ~1128               A   A   A   A   A   A
     957               +   +   -   -   -   +
     638 TO     637    +   +               +
     636 TO     145    +   +   A   A   A   +
   ~1129               A   A   A   A   A   A
     958               +   +   -   -   -   +
     652 TO     651    +   +               +
     650 TO     141    +   +   A   A   A   +
   ~1130               A   A   A   A   A   A
     959               +   +   -   -   -   +
     666 TO     665    +   +               +
     664 TO     137    +   +   A   A   A   +
   ~1131               A   A   A   A   A   A
     960               +   +   -   -   -   +
     680 TO     679    +   +               +
     678 TO     133    +   +   A   A   A   +
   ~1132               A   A   A   A   A   A
     961               +   +   -   -   -   +
     694 TO     693    +   +               +
     692 TO     129    +   +   A   A   A   +
   ~1133               A   A   A   A   A   A
     962               +   +   -   -   -   +
     708 TO     707    +   +               +
     706 TO     125    +   +   A   A   A   +
   ~1134               A   A   A   A   A   A
     963               +   +   -   -   -   +
     722 TO     721    +   +               +
     720 TO     121    +   +   A   A   A   +
   ~1135               A   A   A   A   A   A
     964               +   +   -   -   -   +
     736 TO     735    +   +               +
     734 TO     117    +   +   A   A   A   +
   ~1136               A   A   A   A   A   A
     965               +   +   -   -   -   +
     750 TO     749    +   +               +
     748 TO     113    +   +   A   A   A   +
   ~1137               A   A   A   A   A   A
     966               +   +   -   -   -   +
     764 TO     763    +   +               +
     762 TO     109    +   +   A   A   A   +
   ~1138               A   A   A   A   A   A
     967               +   +   -   -   -   +
     778 TO     777    +   +               +
     776 TO     105    +   +   A   A   A   +
   ~1139               A   A   A   A   A   A
     968               +   +   -   -   -   +
     792 TO     791    +   +               +
     790 TO     101    +   +   A   A   A   +
   ~1140               A   A   A   A   A   A
     969               +   +   -   -   -   +
     806 TO     805    +   +               +
     804 TO      97    +   +   A   A   A   +
   ~1141               A   A   A   A   A   A
     970               +   +   -   -   -   +
     820 TO     819    +   +               +
     818 TO      93    +   +   A   A   A   +
   ~1142               A   A   A   A   A   A
     971               +   +   -   -   -   +
     834 TO     833    +   +               +
     832 TO      89    +   +   A   A   A   +
   ~1143               A   A   A   A   A   A
     972               +   +   -   -   -   +
     848 TO     847    +   +               +
     846 TO      85    +   +   A   A   A   +
   ~1144               A   A   A   A   A   A
     973               +   +   -   -   -   +
     862 TO     861    +   +               +
     860 TO      81    +   +   A   A   A   +
   ~1145               A   A   A   A   A   A
     974               +   +   -   -   -   +
     876 TO     875    +   +               +
     874 TO      77    +   +   A   A   A   +
     975               +   +   -   -   -   +
     890 TO     889    +   +               +
     888 TO      73    +   +   A   A   A   +
   ~1146               A   A   A   A   A   A
    1110               +   +   -   -   -   +
    1107 TO     218    A   A   A   A   A   A
     217               +   +   A   A   A   +
      72 TO   ~1147    A   A   A   A   A   A
    1111               +   +   -   -   -   +
    1103 TO     216    A   A   A   A   A   A
     215               +   +   A   A   A   +
     214 TO   ~1148    A   A   A   A   A   A
    1112               +   +   -   -   -   +
    1099 TO     210    A   A   A   A   A   A
     209               +   +   A   A   A   +
      64 TO   ~1149    A   A   A   A   A   A
    1113               +   +   -   -   -   +
    1095 TO     206    A   A   A   A   A   A
     205               +   +   A   A   A   +
      60 TO   ~1115    A   A   A   A   A   A
    1114               +   +   -   -   -   +
    1109 TO     200    A   A   A   A   A   A
     199               +   +   A   A   A   +
      56 TO       4    A   A   A   A   A   A
    1090 TO     976    -   -   -   A   A   A
    1008 TO     990    -   -   -   -   -   -
     351 TO       3    -   -   -   A   A   A
    NULL                                    

  CONSTRAINTS         U1  U2  U3  R1  R2  R3
 1                     A   A               A
 2                                          
 3                     A   A               A
 4                                          
 5                     A   A               A
 6                                          
 7                     A   A               A
 8                                          
 9                     A   A               A
 10                                         
 11                    A   A               A
 12                                         
 13                    A   A               A
 14                                         
 15                    A   A               A
 16                                         
 17                    A   A               A
 18                                         
 19                    A   A               A
 20                                         
 21                    A   A               A
 22                                         
 23                    A   A               A
 24                                         
 25                    A   A               A
 26                                         
 27                    A   A               A
 28                                         
 29                    A   A               A
 30                                         
 31                    A   A               A
 32                                         
 33                    A   A               A
 34                                         
 35                    A   A               A
 36                                         
 37                    A   A               A
 38                                         
 39                    A   A               A
 40                                         
 41                    A   A               A
 42                                         
 43                    A   A               A
 44                                         
 45                    A   A               A
 46                                         
 47                    A   A               A
 48                                         
 49                    A   A               A
 50                                         
 51                    A   A               A
 52                                         
 53                    A   A               A
 54                                         
 55                    A   A               A
 56                                         
 57                    A   A               A
 58                                         
 59                    A   A               A
 60                                         
 61                    A   A               A
 62      TO 63                              
 64                    A   A               A
 65                                         
 66                    A   A               A
 67                                         
 68                    A   A               A
 69                                         
 70                    A   A               A
 71                                         
 72                    A   A               A
 73      TO 74                              
