

 ETABS 2015 Ultimate 64-bit 15.0.0 Build 1221 (Analysis Build 9340/64)
 File: C:\Users\TheTrailblazer...uments\GitHub\A23-model\A23example-45x45RSA.LOG




 B E G I N   A N A L Y S I S                                2015/11/28  14:20:25


 RUNNING ANALYSIS AS A SEPARATE PROCESS
 USING THE ADVANCED SOLVER (PROVIDES LIMITED INSTABILITY INFORMATION)

 NUMBER OF JOINTS                          =        1149
    WITH RESTRAINTS                        =          82
    WITH MASS                              =         317
    WITH SPRINGS                           =         271
 NUMBER OF FRAME/CABLE/TENDON ELEMENTS     =         809
 NUMBER OF SHELL ELEMENTS                  =         584
 NUMBER OF CONSTRAINTS/WELDS               =          74
 NUMBER OF LOAD PATTERNS                   =           4
 NUMBER OF ACCELERATION LOADS              =           6
 NUMBER OF LOAD CASES                      =           8


 E L E M E N T   F O R M A T I O N                                      14:20:25


 NUMBER OF COUPLED CONSTRAINT EQUATIONS    =           0


 L I N E A R   E Q U A T I O N   S O L U T I O N                        14:20:25

 FORMING STIFFNESS AT ZERO (UNSTRESSED) INITIAL CONDITIONS

 TOTAL NUMBER OF EQUILIBRIUM EQUATIONS     =        4065
 NUMBER OF NON-ZERO STIFFNESS TERMS        =       91731

 * * * W A R N I N G * * *
 THE STRUCTURE IS UNSTABLE OR ILL-CONDITIONED !!
 CHECK THE STRUCTURE CAREFULLY FOR:
 - INADEQUATE SUPPORT CONDITIONS, OR
 - ONE OR MORE INTERNAL MECHANISMS, OR
 - ZERO OR NEGATIVE STIFFNESS PROPERTIES, OR
 - EXTREMELY LARGE STIFFNESS PROPERTIES, OR
 - BUCKLING DUE TO P-DELTA OR GEOMETRIC NONLINEARITY, OR
 - A FREQUENCY SHIFT (IF ANY) ONTO A NATURAL FREQUENCY

 TO OBTAIN FURTHER INFORMATION:
 - USE THE STANDARD SOLVER, OR
 - RUN AN EIGEN ANALYSIS USING AUTO FREQUENCY SHIFTING (WITH
   ADDITIONAL MASS IF NEEDED) AND INVESTIGATE THE MODE SHAPES


 NUMBER OF EIGENVALUES BELOW SHIFT         =           0


 L I N E A R   S T A T I C   C A S E S                                  14:20:25

 USING STIFFNESS AT ZERO (UNSTRESSED) INITIAL CONDITIONS

 TOTAL NUMBER OF CASES TO SOLVE            =           1
 NUMBER OF CASES TO SOLVE PER BLOCK        =           1

 LINEAR STATIC CASES TO BE SOLVED:

 CASE: ~LLRF


 E I G E N   M O D A L   A N A L Y S I S                                14:20:25

 CASE: MODAL

 USING STIFFNESS AT ZERO (UNSTRESSED) INITIAL CONDITIONS

 NUMBER OF STIFFNESS DEGREES OF FREEDOM    =        4065
 NUMBER OF MASS DEGREES OF FREEDOM         =         573
 MAXIMUM NUMBER OF EIGEN MODES SOUGHT      =          12
 MINIMUM NUMBER OF EIGEN MODES SOUGHT      =           1
 NUMBER OF RESIDUAL-MASS MODES SOUGHT      =           0
 NUMBER OF SUBSPACE VECTORS USED           =          24
 RELATIVE CONVERGENCE TOLERANCE            =    1.00E-09

 FREQUENCY SHIFT  (CENTER) (CYC/TIME)      =     .000000
 FREQUENCY CUTOFF (RADIUS) (CYC/TIME)      =  -INFINITY-
 ALLOW AUTOMATIC FREQUENCY SHIFTING        =         YES


 Original stiffness at shift : EV= 0.0000000E+00, f=     .000000, T=  -INFINITY-
 Number of eigenvalues below shift =      0
 Found mode      1 of     12:  EV= 1.1479345E+00, f=    0.170521, T=    5.864369
 Found mode      2 of     12:  EV= 1.8922707E+00, f=    0.218933, T=    4.567602
 Found mode      3 of     12:  EV= 1.0012803E+01, f=    0.503614, T=    1.985647
 Found mode      4 of     12:  EV= 3.7026542E+01, f=    0.968449, T=    1.032579
 Found mode      5 of     12:  EV= 6.8926203E+01, f=    1.321333, T=    0.756811
 Found mode      6 of     12:  EV= 9.5425795E+01, f=    1.554723, T=    0.643201
 Found mode      7 of     12:  EV= 2.0179165E+02, f=    2.260850, T=    0.442312
 Found mode      8 of     12:  EV= 2.7944172E+02, f=    2.660515, T=    0.375867
 Found mode      9 of     12:  EV= 5.0484434E+02, f=    3.576011, T=    0.279641
 Found mode     10 of     12:  EV= 5.3681799E+02, f=    3.687514, T=    0.271185
 Found mode     11 of     12:  EV= 6.2117781E+02, f=    3.966689, T=    0.252099
 Found mode     12 of     12:  EV= 1.0596580E+03, f=    5.180874, T=    0.193018

 NUMBER OF EIGEN MODES FOUND               =          12
 NUMBER OF ITERATIONS PERFORMED            =           9
 NUMBER OF STIFFNESS SHIFTS                =           0


 R E S P O N S E - S P E C T R U M   A N A L Y S I S                    14:20:26

 CASE: RSAX

 TYPE OF EXCITATION                        = STANDARD GROUND ACCELERATION

 USING MODES FROM CASE: MODAL
 NUMBER OF DYNAMIC MODES TO BE USED        =          12


 R E S P O N S E - S P E C T R U M   A N A L Y S I S                    14:20:26

 CASE: RSAY

 TYPE OF EXCITATION                        = STANDARD GROUND ACCELERATION

 USING MODES FROM CASE: MODAL
 NUMBER OF DYNAMIC MODES TO BE USED        =          12


 R E S P O N S E - S P E C T R U M   A N A L Y S I S                    14:20:26

 CASE: RSAY-PT

 TYPE OF EXCITATION                        = STANDARD GROUND ACCELERATION

 USING MODES FROM CASE: MODAL
 NUMBER OF DYNAMIC MODES TO BE USED        =          12


 R E S P O N S E - S P E C T R U M   A N A L Y S I S                    14:20:26

 CASE: RSAY-NT

 TYPE OF EXCITATION                        = STANDARD GROUND ACCELERATION

 USING MODES FROM CASE: MODAL
 NUMBER OF DYNAMIC MODES TO BE USED        =          12


 R E S P O N S E - S P E C T R U M   A N A L Y S I S                    14:20:26

 CASE: RSAX-PT

 TYPE OF EXCITATION                        = STANDARD GROUND ACCELERATION

 USING MODES FROM CASE: MODAL
 NUMBER OF DYNAMIC MODES TO BE USED        =          12


 R E S P O N S E - S P E C T R U M   A N A L Y S I S                    14:20:26

 CASE: RSAX-NT

 TYPE OF EXCITATION                        = STANDARD GROUND ACCELERATION

 USING MODES FROM CASE: MODAL
 NUMBER OF DYNAMIC MODES TO BE USED        =          12


 A N A L Y S I S   C O M P L E T E                          2015/11/28  14:20:26


 ETABS 2015 Ultimate 64-bit 15.0.0 Build 1221 (Analysis Build 9340/64)
 File: C:\Users\TheTrailblazer...uments\GitHub\A23-model\A23example-45x45RSA.LOG




 B E G I N   A N A L Y S I S                                2015/11/28  14:20:30


 RUNNING ANALYSIS AS A SEPARATE PROCESS
 USING THE ADVANCED SOLVER (PROVIDES LIMITED INSTABILITY INFORMATION)

 NUMBER OF JOINTS                          =        1149
    WITH RESTRAINTS                        =          82
    WITH MASS                              =         317
    WITH SPRINGS                           =         271
 NUMBER OF FRAME/CABLE/TENDON ELEMENTS     =         809
 NUMBER OF SHELL ELEMENTS                  =         584
 NUMBER OF CONSTRAINTS/WELDS               =          74
 NUMBER OF LOAD PATTERNS                   =           8
 NUMBER OF ACCELERATION LOADS              =           6
 NUMBER OF LOAD CASES                      =          12


 E L E M E N T   F O R M A T I O N                                      14:20:30


 NUMBER OF COUPLED CONSTRAINT EQUATIONS    =           0


 L I N E A R   E Q U A T I O N   S O L U T I O N                        14:20:30

 FORMING STIFFNESS AT ZERO (UNSTRESSED) INITIAL CONDITIONS

 TOTAL NUMBER OF EQUILIBRIUM EQUATIONS     =        4065
 NUMBER OF NON-ZERO STIFFNESS TERMS        =       91731

 * * * W A R N I N G * * *
 THE STRUCTURE IS UNSTABLE OR ILL-CONDITIONED !!
 CHECK THE STRUCTURE CAREFULLY FOR:
 - INADEQUATE SUPPORT CONDITIONS, OR
 - ONE OR MORE INTERNAL MECHANISMS, OR
 - ZERO OR NEGATIVE STIFFNESS PROPERTIES, OR
 - EXTREMELY LARGE STIFFNESS PROPERTIES, OR
 - BUCKLING DUE TO P-DELTA OR GEOMETRIC NONLINEARITY, OR
 - A FREQUENCY SHIFT (IF ANY) ONTO A NATURAL FREQUENCY

 TO OBTAIN FURTHER INFORMATION:
 - USE THE STANDARD SOLVER, OR
 - RUN AN EIGEN ANALYSIS USING AUTO FREQUENCY SHIFTING (WITH
   ADDITIONAL MASS IF NEEDED) AND INVESTIGATE THE MODE SHAPES


 NUMBER OF EIGENVALUES BELOW SHIFT         =           0


 L I N E A R   S T A T I C   C A S E S                                  14:20:30

 USING STIFFNESS AT ZERO (UNSTRESSED) INITIAL CONDITIONS

 TOTAL NUMBER OF CASES TO SOLVE            =           4
 NUMBER OF CASES TO SOLVE PER BLOCK        =           4

 LINEAR STATIC CASES TO BE SOLVED:

 CASE: ~TORSIONRSAY-PT
 CASE: ~TORSIONRSAY-NT
 CASE: ~TORSIONRSAX-PT
 CASE: ~TORSIONRSAX-NT


 R E S P O N S E - S P E C T R U M   A N A L Y S I S                    14:20:30

 CASE: RSAY-PT

 TYPE OF EXCITATION                        = STANDARD GROUND ACCELERATION

 USING MODES FROM CASE: MODAL
 NUMBER OF DYNAMIC MODES TO BE USED        =          12


 R E S P O N S E - S P E C T R U M   A N A L Y S I S                    14:20:30

 CASE: RSAY-NT

 TYPE OF EXCITATION                        = STANDARD GROUND ACCELERATION

 USING MODES FROM CASE: MODAL
 NUMBER OF DYNAMIC MODES TO BE USED        =          12


 R E S P O N S E - S P E C T R U M   A N A L Y S I S                    14:20:30

 CASE: RSAX-PT

 TYPE OF EXCITATION                        = STANDARD GROUND ACCELERATION

 USING MODES FROM CASE: MODAL
 NUMBER OF DYNAMIC MODES TO BE USED        =          12


 R E S P O N S E - S P E C T R U M   A N A L Y S I S                    14:20:30

 CASE: RSAX-NT

 TYPE OF EXCITATION                        = STANDARD GROUND ACCELERATION

 USING MODES FROM CASE: MODAL
 NUMBER OF DYNAMIC MODES TO BE USED        =          12


 A N A L Y S I S   C O M P L E T E                          2015/11/28  14:20:30
