 ETABS 2015 Ultimate 64-bit 15.0.0 Build 1221 (Analysis Build 9340/64)          
 File: C:\Users\TheTrailblazer...ents\GitHub\A23-model\A23example-45x45-Wind.OUT
                                                                     
                                                                       

 1, CONSTR = RIGID, DOF = U1 U2 R3

                     LOCAL COORDINATE SYSTEM FOR CONSTRAINT MASTER
  GLOBAL          U1          U2          U3          R1          R2          R3
     X      1.000000     .000000     .000000    1.000000     .000000     .000000
     Y       .000000    1.000000     .000000     .000000    1.000000     .000000
     Z       .000000     .000000    1.000000     .000000     .000000    1.000000

                     TRANSLATIONAL MASS AND MASS MOMENTS OF INERTIA
                  U1          U2          U3          R1          R2          R3
          152.451186  152.451186     .000000     .000000     .000000  3.2205E+09

                     CENTER OF MASS
  GLOBAL          U1          U2          U3
     X     38.889008   38.889008 -142.006529
     Y      3.19E-14    3.19E-14    1.60E-13
     Z     90150.000   90150.000   90150.000

 3, CONSTR = RIGID, DOF = U1 U2 R3

                     LOCAL COORDINATE SYSTEM FOR CONSTRAINT MASTER
  GLOBAL          U1          U2          U3          R1          R2          R3
     X      1.000000     .000000     .000000    1.000000     .000000     .000000
     Y       .000000    1.000000     .000000     .000000    1.000000     .000000
     Z       .000000     .000000    1.000000     .000000     .000000    1.000000

                     TRANSLATIONAL MASS AND MASS MOMENTS OF INERTIA
                  U1          U2          U3          R1          R2          R3
          520.484041  520.484041     .000000     .000000     .000000  4.6495E+10

                     CENTER OF MASS
  GLOBAL          U1          U2          U3
     X     39.097379   39.097379  -19.029117
     Y     -1.04E-13   -1.04E-13    8.80E-14
     Z     85080.000   85080.000   85080.000

 5, CONSTR = RIGID, DOF = U1 U2 R3

                     LOCAL COORDINATE SYSTEM FOR CONSTRAINT MASTER
  GLOBAL          U1          U2          U3          R1          R2          R3
     X      1.000000     .000000     .000000    1.000000     .000000     .000000
     Y       .000000    1.000000     .000000     .000000    1.000000     .000000
     Z       .000000     .000000    1.000000     .000000     .000000    1.000000

                     TRANSLATIONAL MASS AND MASS MOMENTS OF INERTIA
                  U1          U2          U3          R1          R2          R3
          490.214124  490.214124     .000000     .000000     .000000  4.8318E+10

                     CENTER OF MASS
  GLOBAL          U1          U2          U3
     X     28.828807   28.828807  -19.360361
     Y     -1.10E-13   -1.10E-13    8.80E-14
     Z     82300.000   82300.000   82300.000

 7, CONSTR = RIGID, DOF = U1 U2 R3

                     LOCAL COORDINATE SYSTEM FOR CONSTRAINT MASTER
  GLOBAL          U1          U2          U3          R1          R2          R3
     X      1.000000     .000000     .000000    1.000000     .000000     .000000
     Y       .000000    1.000000     .000000     .000000    1.000000     .000000
     Z       .000000     .000000    1.000000     .000000     .000000    1.000000

                     TRANSLATIONAL MASS AND MASS MOMENTS OF INERTIA
                  U1          U2          U3          R1          R2          R3
          490.214124  490.214124     .000000     .000000     .000000  4.8318E+10

                     CENTER OF MASS
  GLOBAL          U1          U2          U3
     X     28.828807   28.828807  -19.360361
     Y     -1.10E-13   -1.10E-13    8.80E-14
     Z     79520.000   79520.000   79520.000

 9, CONSTR = RIGID, DOF = U1 U2 R3

                     LOCAL COORDINATE SYSTEM FOR CONSTRAINT MASTER
  GLOBAL          U1          U2          U3          R1          R2          R3
     X      1.000000     .000000     .000000    1.000000     .000000     .000000
     Y       .000000    1.000000     .000000     .000000    1.000000     .000000
     Z       .000000     .000000    1.000000     .000000     .000000    1.000000

                     TRANSLATIONAL MASS AND MASS MOMENTS OF INERTIA
                  U1          U2          U3          R1          R2          R3
          490.214124  490.214124     .000000     .000000     .000000  4.8318E+10

                     CENTER OF MASS
  GLOBAL          U1          U2          U3
     X     28.828807   28.828807  -19.360361
     Y     -1.10E-13   -1.10E-13    8.80E-14
     Z     76740.000   76740.000   76740.000

 11, CONSTR = RIGID, DOF = U1 U2 R3

                     LOCAL COORDINATE SYSTEM FOR CONSTRAINT MASTER
  GLOBAL          U1          U2          U3          R1          R2          R3
     X      1.000000     .000000     .000000    1.000000     .000000     .000000
     Y       .000000    1.000000     .000000     .000000    1.000000     .000000
     Z       .000000     .000000    1.000000     .000000     .000000    1.000000

                     TRANSLATIONAL MASS AND MASS MOMENTS OF INERTIA
                  U1          U2          U3          R1          R2          R3
          490.214124  490.214124     .000000     .000000     .000000  4.8318E+10

                     CENTER OF MASS
  GLOBAL          U1          U2          U3
     X     28.828807   28.828807  -19.360361
     Y     -1.10E-13   -1.10E-13    8.80E-14
     Z     73960.000   73960.000   73960.000

 13, CONSTR = RIGID, DOF = U1 U2 R3

                     LOCAL COORDINATE SYSTEM FOR CONSTRAINT MASTER
  GLOBAL          U1          U2          U3          R1          R2          R3
     X      1.000000     .000000     .000000    1.000000     .000000     .000000
     Y       .000000    1.000000     .000000     .000000    1.000000     .000000
     Z       .000000     .000000    1.000000     .000000     .000000    1.000000

                     TRANSLATIONAL MASS AND MASS MOMENTS OF INERTIA
                  U1          U2          U3          R1          R2          R3
          490.214124  490.214124     .000000     .000000     .000000  4.8318E+10

                     CENTER OF MASS
  GLOBAL          U1          U2          U3
     X     28.828807   28.828807  -19.360361
     Y     -1.10E-13   -1.10E-13    8.80E-14
     Z     71180.000   71180.000   71180.000

 15, CONSTR = RIGID, DOF = U1 U2 R3

                     LOCAL COORDINATE SYSTEM FOR CONSTRAINT MASTER
  GLOBAL          U1          U2          U3          R1          R2          R3
     X      1.000000     .000000     .000000    1.000000     .000000     .000000
     Y       .000000    1.000000     .000000     .000000    1.000000     .000000
     Z       .000000     .000000    1.000000     .000000     .000000    1.000000

                     TRANSLATIONAL MASS AND MASS MOMENTS OF INERTIA
                  U1          U2          U3          R1          R2          R3
          490.214124  490.214124     .000000     .000000     .000000  4.8318E+10

                     CENTER OF MASS
  GLOBAL          U1          U2          U3
     X     28.828807   28.828807  -19.360361
     Y     -1.10E-13   -1.10E-13    8.80E-14
     Z     68400.000   68400.000   68400.000

 17, CONSTR = RIGID, DOF = U1 U2 R3

                     LOCAL COORDINATE SYSTEM FOR CONSTRAINT MASTER
  GLOBAL          U1          U2          U3          R1          R2          R3
     X      1.000000     .000000     .000000    1.000000     .000000     .000000
     Y       .000000    1.000000     .000000     .000000    1.000000     .000000
     Z       .000000     .000000    1.000000     .000000     .000000    1.000000

                     TRANSLATIONAL MASS AND MASS MOMENTS OF INERTIA
                  U1          U2          U3          R1          R2          R3
          490.214124  490.214124     .000000     .000000     .000000  4.8318E+10

                     CENTER OF MASS
  GLOBAL          U1          U2          U3
     X     28.828807   28.828807  -19.360361
     Y     -1.10E-13   -1.10E-13    8.80E-14
     Z     65620.000   65620.000   65620.000

 19, CONSTR = RIGID, DOF = U1 U2 R3

                     LOCAL COORDINATE SYSTEM FOR CONSTRAINT MASTER
  GLOBAL          U1          U2          U3          R1          R2          R3
     X      1.000000     .000000     .000000    1.000000     .000000     .000000
     Y       .000000    1.000000     .000000     .000000    1.000000     .000000
     Z       .000000     .000000    1.000000     .000000     .000000    1.000000

                     TRANSLATIONAL MASS AND MASS MOMENTS OF INERTIA
                  U1          U2          U3          R1          R2          R3
          490.214124  490.214124     .000000     .000000     .000000  4.8318E+10

                     CENTER OF MASS
  GLOBAL          U1          U2          U3
     X     28.828807   28.828807  -19.360361
     Y     -1.10E-13   -1.10E-13    8.80E-14
     Z     62840.000   62840.000   62840.000

 21, CONSTR = RIGID, DOF = U1 U2 R3

                     LOCAL COORDINATE SYSTEM FOR CONSTRAINT MASTER
  GLOBAL          U1          U2          U3          R1          R2          R3
     X      1.000000     .000000     .000000    1.000000     .000000     .000000
     Y       .000000    1.000000     .000000     .000000    1.000000     .000000
     Z       .000000     .000000    1.000000     .000000     .000000    1.000000

                     TRANSLATIONAL MASS AND MASS MOMENTS OF INERTIA
                  U1          U2          U3          R1          R2          R3
          490.214124  490.214124     .000000     .000000     .000000  4.8318E+10

                     CENTER OF MASS
  GLOBAL          U1          U2          U3
     X     28.828807   28.828807  -19.360361
     Y     -1.10E-13   -1.10E-13    8.80E-14
     Z     60060.000   60060.000   60060.000

 23, CONSTR = RIGID, DOF = U1 U2 R3

                     LOCAL COORDINATE SYSTEM FOR CONSTRAINT MASTER
  GLOBAL          U1          U2          U3          R1          R2          R3
     X      1.000000     .000000     .000000    1.000000     .000000     .000000
     Y       .000000    1.000000     .000000     .000000    1.000000     .000000
     Z       .000000     .000000    1.000000     .000000     .000000    1.000000

                     TRANSLATIONAL MASS AND MASS MOMENTS OF INERTIA
                  U1          U2          U3          R1          R2          R3
          490.214124  490.214124     .000000     .000000     .000000  4.8318E+10

                     CENTER OF MASS
  GLOBAL          U1          U2          U3
     X     28.828807   28.828807  -19.360361
     Y     -1.10E-13   -1.10E-13    8.80E-14
     Z     57280.000   57280.000   57280.000

 25, CONSTR = RIGID, DOF = U1 U2 R3

                     LOCAL COORDINATE SYSTEM FOR CONSTRAINT MASTER
  GLOBAL          U1          U2          U3          R1          R2          R3
     X      1.000000     .000000     .000000    1.000000     .000000     .000000
     Y       .000000    1.000000     .000000     .000000    1.000000     .000000
     Z       .000000     .000000    1.000000     .000000     .000000    1.000000

                     TRANSLATIONAL MASS AND MASS MOMENTS OF INERTIA
                  U1          U2          U3          R1          R2          R3
          490.214124  490.214124     .000000     .000000     .000000  4.8318E+10

                     CENTER OF MASS
  GLOBAL          U1          U2          U3
     X     28.828807   28.828807  -19.360361
     Y     -1.10E-13   -1.10E-13    8.80E-14
     Z     54500.000   54500.000   54500.000

 27, CONSTR = RIGID, DOF = U1 U2 R3

                     LOCAL COORDINATE SYSTEM FOR CONSTRAINT MASTER
  GLOBAL          U1          U2          U3          R1          R2          R3
     X      1.000000     .000000     .000000    1.000000     .000000     .000000
     Y       .000000    1.000000     .000000     .000000    1.000000     .000000
     Z       .000000     .000000    1.000000     .000000     .000000    1.000000

                     TRANSLATIONAL MASS AND MASS MOMENTS OF INERTIA
                  U1          U2          U3          R1          R2          R3
          490.214124  490.214124     .000000     .000000     .000000  4.8318E+10

                     CENTER OF MASS
  GLOBAL          U1          U2          U3
     X     28.828807   28.828807  -19.360361
     Y     -1.10E-13   -1.10E-13    8.80E-14
     Z     51720.000   51720.000   51720.000

 29, CONSTR = RIGID, DOF = U1 U2 R3

                     LOCAL COORDINATE SYSTEM FOR CONSTRAINT MASTER
  GLOBAL          U1          U2          U3          R1          R2          R3
     X      1.000000     .000000     .000000    1.000000     .000000     .000000
     Y       .000000    1.000000     .000000     .000000    1.000000     .000000
     Z       .000000     .000000    1.000000     .000000     .000000    1.000000

                     TRANSLATIONAL MASS AND MASS MOMENTS OF INERTIA
                  U1          U2          U3          R1          R2          R3
          490.214124  490.214124     .000000     .000000     .000000  4.8318E+10

                     CENTER OF MASS
  GLOBAL          U1          U2          U3
     X     28.828807   28.828807  -19.360361
     Y     -1.10E-13   -1.10E-13    8.80E-14
     Z     48940.000   48940.000   48940.000

 31, CONSTR = RIGID, DOF = U1 U2 R3

                     LOCAL COORDINATE SYSTEM FOR CONSTRAINT MASTER
  GLOBAL          U1          U2          U3          R1          R2          R3
     X      1.000000     .000000     .000000    1.000000     .000000     .000000
     Y       .000000    1.000000     .000000     .000000    1.000000     .000000
     Z       .000000     .000000    1.000000     .000000     .000000    1.000000

                     TRANSLATIONAL MASS AND MASS MOMENTS OF INERTIA
                  U1          U2          U3          R1          R2          R3
          490.214124  490.214124     .000000     .000000     .000000  4.8318E+10

                     CENTER OF MASS
  GLOBAL          U1          U2          U3
     X     28.828807   28.828807  -19.360361
     Y     -1.10E-13   -1.10E-13    8.80E-14
     Z     46160.000   46160.000   46160.000

 33, CONSTR = RIGID, DOF = U1 U2 R3

                     LOCAL COORDINATE SYSTEM FOR CONSTRAINT MASTER
  GLOBAL          U1          U2          U3          R1          R2          R3
     X      1.000000     .000000     .000000    1.000000     .000000     .000000
     Y       .000000    1.000000     .000000     .000000    1.000000     .000000
     Z       .000000     .000000    1.000000     .000000     .000000    1.000000

                     TRANSLATIONAL MASS AND MASS MOMENTS OF INERTIA
                  U1          U2          U3          R1          R2          R3
          490.214124  490.214124     .000000     .000000     .000000  4.8318E+10

                     CENTER OF MASS
  GLOBAL          U1          U2          U3
     X     28.828807   28.828807  -19.360361
     Y     -1.10E-13   -1.10E-13    8.80E-14
     Z     43380.000   43380.000   43380.000

 35, CONSTR = RIGID, DOF = U1 U2 R3

                     LOCAL COORDINATE SYSTEM FOR CONSTRAINT MASTER
  GLOBAL          U1          U2          U3          R1          R2          R3
     X      1.000000     .000000     .000000    1.000000     .000000     .000000
     Y       .000000    1.000000     .000000     .000000    1.000000     .000000
     Z       .000000     .000000    1.000000     .000000     .000000    1.000000

                     TRANSLATIONAL MASS AND MASS MOMENTS OF INERTIA
                  U1          U2          U3          R1          R2          R3
          490.214124  490.214124     .000000     .000000     .000000  4.8318E+10

                     CENTER OF MASS
  GLOBAL          U1          U2          U3
     X     28.828807   28.828807  -19.360361
     Y     -1.10E-13   -1.10E-13    8.80E-14
     Z     40600.000   40600.000   40600.000

 37, CONSTR = RIGID, DOF = U1 U2 R3

                     LOCAL COORDINATE SYSTEM FOR CONSTRAINT MASTER
  GLOBAL          U1          U2          U3          R1          R2          R3
     X      1.000000     .000000     .000000    1.000000     .000000     .000000
     Y       .000000    1.000000     .000000     .000000    1.000000     .000000
     Z       .000000     .000000    1.000000     .000000     .000000    1.000000

                     TRANSLATIONAL MASS AND MASS MOMENTS OF INERTIA
                  U1          U2          U3          R1          R2          R3
          490.214124  490.214124     .000000     .000000     .000000  4.8318E+10

                     CENTER OF MASS
  GLOBAL          U1          U2          U3
     X     28.828807   28.828807  -19.360361
     Y     -1.10E-13   -1.10E-13    8.80E-14
     Z     37820.000   37820.000   37820.000

 39, CONSTR = RIGID, DOF = U1 U2 R3

                     LOCAL COORDINATE SYSTEM FOR CONSTRAINT MASTER
  GLOBAL          U1          U2          U3          R1          R2          R3
     X      1.000000     .000000     .000000    1.000000     .000000     .000000
     Y       .000000    1.000000     .000000     .000000    1.000000     .000000
     Z       .000000     .000000    1.000000     .000000     .000000    1.000000

                     TRANSLATIONAL MASS AND MASS MOMENTS OF INERTIA
                  U1          U2          U3          R1          R2          R3
          490.214124  490.214124     .000000     .000000     .000000  4.8318E+10

                     CENTER OF MASS
  GLOBAL          U1          U2          U3
     X     28.828807   28.828807  -19.360361
     Y     -1.10E-13   -1.10E-13    8.80E-14
     Z     35040.000   35040.000   35040.000

 41, CONSTR = RIGID, DOF = U1 U2 R3

                     LOCAL COORDINATE SYSTEM FOR CONSTRAINT MASTER
  GLOBAL          U1          U2          U3          R1          R2          R3
     X      1.000000     .000000     .000000    1.000000     .000000     .000000
     Y       .000000    1.000000     .000000     .000000    1.000000     .000000
     Z       .000000     .000000    1.000000     .000000     .000000    1.000000

                     TRANSLATIONAL MASS AND MASS MOMENTS OF INERTIA
                  U1          U2          U3          R1          R2          R3
          490.214124  490.214124     .000000     .000000     .000000  4.8318E+10

                     CENTER OF MASS
  GLOBAL          U1          U2          U3
     X     28.828807   28.828807  -19.360361
     Y     -1.10E-13   -1.10E-13    8.80E-14
     Z     32260.000   32260.000   32260.000

 43, CONSTR = RIGID, DOF = U1 U2 R3

                     LOCAL COORDINATE SYSTEM FOR CONSTRAINT MASTER
  GLOBAL          U1          U2          U3          R1          R2          R3
     X      1.000000     .000000     .000000    1.000000     .000000     .000000
     Y       .000000    1.000000     .000000     .000000    1.000000     .000000
     Z       .000000     .000000    1.000000     .000000     .000000    1.000000

                     TRANSLATIONAL MASS AND MASS MOMENTS OF INERTIA
                  U1          U2          U3          R1          R2          R3
          490.214127  490.214127     .000000     .000000     .000000  4.8318E+10

                     CENTER OF MASS
  GLOBAL          U1          U2          U3
     X     28.828808   28.828808  -19.360361
     Y     -1.10E-13   -1.10E-13    8.80E-14
     Z     29480.000   29480.000   29480.000

 45, CONSTR = RIGID, DOF = U1 U2 R3

                     LOCAL COORDINATE SYSTEM FOR CONSTRAINT MASTER
  GLOBAL          U1          U2          U3          R1          R2          R3
     X      1.000000     .000000     .000000    1.000000     .000000     .000000
     Y       .000000    1.000000     .000000     .000000    1.000000     .000000
     Z       .000000     .000000    1.000000     .000000     .000000    1.000000

                     TRANSLATIONAL MASS AND MASS MOMENTS OF INERTIA
                  U1          U2          U3          R1          R2          R3
          490.214130  490.214130     .000000     .000000     .000000  4.8318E+10

                     CENTER OF MASS
  GLOBAL          U1          U2          U3
     X     28.828808   28.828808  -19.360361
     Y     -1.10E-13   -1.10E-13    8.80E-14
     Z     26700.000   26700.000   26700.000

 47, CONSTR = RIGID, DOF = U1 U2 R3

                     LOCAL COORDINATE SYSTEM FOR CONSTRAINT MASTER
  GLOBAL          U1          U2          U3          R1          R2          R3
     X      1.000000     .000000     .000000    1.000000     .000000     .000000
     Y       .000000    1.000000     .000000     .000000    1.000000     .000000
     Z       .000000     .000000    1.000000     .000000     .000000    1.000000

                     TRANSLATIONAL MASS AND MASS MOMENTS OF INERTIA
                  U1          U2          U3          R1          R2          R3
          490.214130  490.214130     .000000     .000000     .000000  4.8318E+10

                     CENTER OF MASS
  GLOBAL          U1          U2          U3
     X     28.828808   28.828808  -19.360361
     Y     -1.10E-13   -1.10E-13    8.80E-14
     Z     23920.000   23920.000   23920.000

 49, CONSTR = RIGID, DOF = U1 U2 R3

                     LOCAL COORDINATE SYSTEM FOR CONSTRAINT MASTER
  GLOBAL          U1          U2          U3          R1          R2          R3
     X      1.000000     .000000     .000000    1.000000     .000000     .000000
     Y       .000000    1.000000     .000000     .000000    1.000000     .000000
     Z       .000000     .000000    1.000000     .000000     .000000    1.000000

                     TRANSLATIONAL MASS AND MASS MOMENTS OF INERTIA
                  U1          U2          U3          R1          R2          R3
          490.214130  490.214130     .000000     .000000     .000000  4.8318E+10

                     CENTER OF MASS
  GLOBAL          U1          U2          U3
     X     28.828808   28.828808  -19.360361
     Y     -1.10E-13   -1.10E-13    8.80E-14
     Z     21140.000   21140.000   21140.000

 51, CONSTR = RIGID, DOF = U1 U2 R3

                     LOCAL COORDINATE SYSTEM FOR CONSTRAINT MASTER
  GLOBAL          U1          U2          U3          R1          R2          R3
     X      1.000000     .000000     .000000    1.000000     .000000     .000000
     Y       .000000    1.000000     .000000     .000000    1.000000     .000000
     Z       .000000     .000000    1.000000     .000000     .000000    1.000000

                     TRANSLATIONAL MASS AND MASS MOMENTS OF INERTIA
                  U1          U2          U3          R1          R2          R3
          490.214130  490.214130     .000000     .000000     .000000  4.8318E+10

                     CENTER OF MASS
  GLOBAL          U1          U2          U3
     X     28.828808   28.828808  -19.360361
     Y     -1.10E-13   -1.10E-13    8.80E-14
     Z     18360.000   18360.000   18360.000

 53, CONSTR = RIGID, DOF = U1 U2 R3

                     LOCAL COORDINATE SYSTEM FOR CONSTRAINT MASTER
  GLOBAL          U1          U2          U3          R1          R2          R3
     X      1.000000     .000000     .000000    1.000000     .000000     .000000
     Y       .000000    1.000000     .000000     .000000    1.000000     .000000
     Z       .000000     .000000    1.000000     .000000     .000000    1.000000

                     TRANSLATIONAL MASS AND MASS MOMENTS OF INERTIA
                  U1          U2          U3          R1          R2          R3
          490.214130  490.214130     .000000     .000000     .000000  4.8318E+10

                     CENTER OF MASS
  GLOBAL          U1          U2          U3
     X     28.828808   28.828808  -19.360361
     Y     -1.10E-13   -1.10E-13    8.80E-14
     Z     15580.000   15580.000   15580.000

 55, CONSTR = RIGID, DOF = U1 U2 R3

                     LOCAL COORDINATE SYSTEM FOR CONSTRAINT MASTER
  GLOBAL          U1          U2          U3          R1          R2          R3
     X      1.000000     .000000     .000000    1.000000     .000000     .000000
     Y       .000000    1.000000     .000000     .000000    1.000000     .000000
     Z       .000000     .000000    1.000000     .000000     .000000    1.000000

                     TRANSLATIONAL MASS AND MASS MOMENTS OF INERTIA
                  U1          U2          U3          R1          R2          R3
          490.214130  490.214130     .000000     .000000     .000000  4.8318E+10

                     CENTER OF MASS
  GLOBAL          U1          U2          U3
     X     28.828808   28.828808  -19.360361
     Y     -1.10E-13   -1.10E-13    8.80E-14
     Z     12800.000   12800.000   12800.000

 57, CONSTR = RIGID, DOF = U1 U2 R3

                     LOCAL COORDINATE SYSTEM FOR CONSTRAINT MASTER
  GLOBAL          U1          U2          U3          R1          R2          R3
     X      1.000000     .000000     .000000    1.000000     .000000     .000000
     Y       .000000    1.000000     .000000     .000000    1.000000     .000000
     Z       .000000     .000000    1.000000     .000000     .000000    1.000000

                     TRANSLATIONAL MASS AND MASS MOMENTS OF INERTIA
                  U1          U2          U3          R1          R2          R3
          490.214130  490.214130     .000000     .000000     .000000  4.8318E+10

                     CENTER OF MASS
  GLOBAL          U1          U2          U3
     X     28.828808   28.828808  -19.360361
     Y     -1.10E-13   -1.10E-13    8.80E-14
     Z     10020.000   10020.000   10020.000

 59, CONSTR = RIGID, DOF = U1 U2 R3

                     LOCAL COORDINATE SYSTEM FOR CONSTRAINT MASTER
  GLOBAL          U1          U2          U3          R1          R2          R3
     X      1.000000     .000000     .000000    1.000000     .000000     .000000
     Y       .000000    1.000000     .000000     .000000    1.000000     .000000
     Z       .000000     .000000    1.000000     .000000     .000000    1.000000

                     TRANSLATIONAL MASS AND MASS MOMENTS OF INERTIA
                  U1          U2          U3          R1          R2          R3
          490.214130  490.214130     .000000     .000000     .000000  4.8318E+10

                     CENTER OF MASS
  GLOBAL          U1          U2          U3
     X     28.828808   28.828808  -19.360361
     Y     -1.10E-13   -1.10E-13    8.80E-14
     Z      7240.000    7240.000    7240.000

 61, CONSTR = RIGID, DOF = U1 U2 R3

                     LOCAL COORDINATE SYSTEM FOR CONSTRAINT MASTER
  GLOBAL          U1          U2          U3          R1          R2          R3
     X      1.000000     .000000     .000000    1.000000     .000000     .000000
     Y       .000000    1.000000     .000000     .000000    1.000000     .000000
     Z       .000000     .000000    1.000000     .000000     .000000    1.000000

                     TRANSLATIONAL MASS AND MASS MOMENTS OF INERTIA
                  U1          U2          U3          R1          R2          R3
          543.859431  543.859431     .000000     .000000     .000000  5.1152E+10

                     CENTER OF MASS
  GLOBAL          U1          U2          U3
     X     24.854380   24.854380  -19.488568
     Y      2.92E-13    2.92E-13    8.80E-14
     Z      4460.000    4460.000    4460.000

 64, CONSTR = RIGID, DOF = U1 U2 R3

                     LOCAL COORDINATE SYSTEM FOR CONSTRAINT MASTER
  GLOBAL          U1          U2          U3          R1          R2          R3
     X      1.000000     .000000     .000000    1.000000     .000000     .000000
     Y       .000000    1.000000     .000000     .000000    1.000000     .000000
     Z       .000000     .000000    1.000000     .000000     .000000    1.000000

                     TRANSLATIONAL MASS AND MASS MOMENTS OF INERTIA
                  U1          U2          U3          R1          R2          R3
           46.587232   46.587232     .000000     .000000     .000000     .000000

                     CENTER OF MASS
  GLOBAL          U1          U2          U3
     X    912.000000  912.000000  153.622161
     Y     -4115.000   -4115.000 -685.833333
     Z     -9.09E-13   -9.09E-13   -9.09E-13

 66, CONSTR = RIGID, DOF = U1 U2 R3

                     LOCAL COORDINATE SYSTEM FOR CONSTRAINT MASTER
  GLOBAL          U1          U2          U3          R1          R2          R3
     X      1.000000     .000000     .000000    1.000000     .000000     .000000
     Y       .000000    1.000000     .000000     .000000    1.000000     .000000
     Z       .000000     .000000    1.000000     .000000     .000000    1.000000

                     TRANSLATIONAL MASS AND MASS MOMENTS OF INERTIA
                  U1          U2          U3          R1          R2          R3
           41.218186   41.218186     .000000     .000000     .000000    5.33E-25

                     CENTER OF MASS
  GLOBAL          U1          U2          U3
     X    912.000000  912.000000  153.693839
     Y      4115.000    4115.000  685.833333
     Z     -4520.000   -4520.000   -4520.000

 68, CONSTR = RIGID, DOF = U1 U2 R3

                     LOCAL COORDINATE SYSTEM FOR CONSTRAINT MASTER
  GLOBAL          U1          U2          U3          R1          R2          R3
     X      1.000000     .000000     .000000    1.000000     .000000     .000000
     Y       .000000    1.000000     .000000     .000000    1.000000     .000000
     Z       .000000     .000000    1.000000     .000000     .000000    1.000000

                     TRANSLATIONAL MASS AND MASS MOMENTS OF INERTIA
                  U1          U2          U3          R1          R2          R3
           37.346136   37.346136     .000000     .000000     .000000    7.72E-24

                     CENTER OF MASS
  GLOBAL          U1          U2          U3
     X    912.000000  912.000000  153.444778
     Y     -4115.000   -4115.000 -685.833333
     Z     -7520.000   -7520.000   -7520.000

 70, CONSTR = RIGID, DOF = U1 U2 R3

                     LOCAL COORDINATE SYSTEM FOR CONSTRAINT MASTER
  GLOBAL          U1          U2          U3          R1          R2          R3
     X      1.000000     .000000     .000000    1.000000     .000000     .000000
     Y       .000000    1.000000     .000000     .000000    1.000000     .000000
     Z       .000000     .000000    1.000000     .000000     .000000    1.000000

                     TRANSLATIONAL MASS AND MASS MOMENTS OF INERTIA
                  U1          U2          U3          R1          R2          R3
           37.346136   37.346136     .000000     .000000     .000000    7.72E-24

                     CENTER OF MASS
  GLOBAL          U1          U2          U3
     X    912.000000  912.000000  153.444778
     Y     -4115.000   -4115.000 -685.833333
     Z    -10520.000  -10520.000  -10520.000

 72, CONSTR = RIGID, DOF = U1 U2 R3

                     LOCAL COORDINATE SYSTEM FOR CONSTRAINT MASTER
  GLOBAL          U1          U2          U3          R1          R2          R3
     X      1.000000     .000000     .000000    1.000000     .000000     .000000
     Y       .000000    1.000000     .000000     .000000    1.000000     .000000
     Z       .000000     .000000    1.000000     .000000     .000000    1.000000

                     TRANSLATIONAL MASS AND MASS MOMENTS OF INERTIA
                  U1          U2          U3          R1          R2          R3
           37.346136   37.346136     .000000     .000000     .000000    7.72E-24

                     CENTER OF MASS
  GLOBAL          U1          U2          U3
     X    912.000000  912.000000  153.444778
     Y     -4115.000   -4115.000 -685.833333
     Z    -13520.000  -13520.000  -13520.000

 D I S P L A C E M E N T   D E G R E E S   O F   F R E E D O M

         (A) = Active DOF, equilibrium equation
         (-) = Restrained DOF, reaction computed
         (+) = Constrained DOF
         (>) = External substructure DOF
         ( ) = Null DOF

  JOINTS              UX  UY  UZ  RX  RY  RZ
   ~1260               A   A   A   A   A   A
    1223 TO    1151    +   +   -   -   -   +
     492 TO     193    +   +   A   A   A   +
   ~1261               A   A   A   A   A   A
    1224 TO    1152    +   +   -   -   -   +
      32 TO      31    +   +               +
      30 TO     189    +   +   A   A   A   +
   ~1262               A   A   A   A   A   A
    1225 TO    1153    +   +   -   -   -   +
     498 TO     497    +   +               +
     496 TO     185    +   +   A   A   A   +
   ~1263               A   A   A   A   A   A
    1226 TO    1154    +   +   -   -   -   +
     512 TO     511    +   +               +
     510 TO     181    +   +   A   A   A   +
   ~1264               A   A   A   A   A   A
    1227 TO    1155    +   +   -   -   -   +
     526 TO     525    +   +               +
     524 TO     177    +   +   A   A   A   +
   ~1265               A   A   A   A   A   A
    1228 TO    1156    +   +   -   -   -   +
     540 TO     539    +   +               +
     538 TO     173    +   +   A   A   A   +
   ~1266               A   A   A   A   A   A
    1229 TO    1157    +   +   -   -   -   +
     554 TO     553    +   +               +
     552 TO     169    +   +   A   A   A   +
   ~1267               A   A   A   A   A   A
    1230 TO    1158    +   +   -   -   -   +
     568 TO     567    +   +               +
     566 TO     165    +   +   A   A   A   +
   ~1268               A   A   A   A   A   A
    1231 TO    1159    +   +   -   -   -   +
     582 TO     581    +   +               +
     580 TO     161    +   +   A   A   A   +
   ~1269               A   A   A   A   A   A
    1232 TO    1160    +   +   -   -   -   +
     596 TO     595    +   +               +
     594 TO     157    +   +   A   A   A   +
   ~1270               A   A   A   A   A   A
    1233 TO    1161    +   +   -   -   -   +
     610 TO     609    +   +               +
     608 TO     153    +   +   A   A   A   +
   ~1271               A   A   A   A   A   A
    1234 TO    1162    +   +   -   -   -   +
     624 TO     623    +   +               +
     622 TO     149    +   +   A   A   A   +
   ~1272               A   A   A   A   A   A
    1235 TO    1163    +   +   -   -   -   +
     638 TO     637    +   +               +
     636 TO     145    +   +   A   A   A   +
   ~1273               A   A   A   A   A   A
    1236 TO    1164    +   +   -   -   -   +
     652 TO     651    +   +               +
     650 TO     141    +   +   A   A   A   +
   ~1274               A   A   A   A   A   A
    1237 TO    1165    +   +   -   -   -   +
     666 TO     665    +   +               +
     664 TO     137    +   +   A   A   A   +
   ~1275               A   A   A   A   A   A
    1238 TO    1166    +   +   -   -   -   +
     680 TO     679    +   +               +
     678 TO     133    +   +   A   A   A   +
   ~1276               A   A   A   A   A   A
    1239 TO    1167    +   +   -   -   -   +
     694 TO     693    +   +               +
     692 TO     129    +   +   A   A   A   +
   ~1277               A   A   A   A   A   A
    1240 TO    1168    +   +   -   -   -   +
     708 TO     707    +   +               +
     706 TO     125    +   +   A   A   A   +
   ~1278               A   A   A   A   A   A
    1241 TO    1169    +   +   -   -   -   +
     722 TO     721    +   +               +
     720 TO     121    +   +   A   A   A   +
   ~1279               A   A   A   A   A   A
    1242 TO    1170    +   +   -   -   -   +
     736 TO     735    +   +               +
     734 TO     117    +   +   A   A   A   +
   ~1280               A   A   A   A   A   A
    1243 TO    1171    +   +   -   -   -   +
     750 TO     749    +   +               +
     748 TO     113    +   +   A   A   A   +
   ~1281               A   A   A   A   A   A
    1244 TO    1172    +   +   -   -   -   +
     764 TO     763    +   +               +
     762 TO     109    +   +   A   A   A   +
   ~1282               A   A   A   A   A   A
    1245 TO    1173    +   +   -   -   -   +
     778 TO     777    +   +               +
     776 TO     105    +   +   A   A   A   +
   ~1283               A   A   A   A   A   A
    1246 TO    1174    +   +   -   -   -   +
     792 TO     791    +   +               +
     790 TO     101    +   +   A   A   A   +
   ~1284               A   A   A   A   A   A
    1247 TO    1175    +   +   -   -   -   +
     806 TO     805    +   +               +
     804 TO      97    +   +   A   A   A   +
   ~1285               A   A   A   A   A   A
    1248 TO    1176    +   +   -   -   -   +
     820 TO     819    +   +               +
     818 TO      93    +   +   A   A   A   +
   ~1286               A   A   A   A   A   A
    1249 TO    1177    +   +   -   -   -   +
     834 TO     833    +   +               +
     832 TO      89    +   +   A   A   A   +
   ~1287               A   A   A   A   A   A
    1250 TO    1178    +   +   -   -   -   +
     848 TO     847    +   +               +
     846 TO      85    +   +   A   A   A   +
   ~1288               A   A   A   A   A   A
    1251 TO    1179    +   +   -   -   -   +
     862 TO     861    +   +               +
     860 TO      81    +   +   A   A   A   +
   ~1289               A   A   A   A   A   A
    1252 TO    1180    +   +   -   -   -   +
     876 TO     875    +   +               +
     874 TO      77    +   +   A   A   A   +
    1253 TO    1181    +   +   -   -   -   +
     890 TO     889    +   +               +
     888 TO      73    +   +   A   A   A   +
   ~1290               A   A   A   A   A   A
    1254 TO    1182    +   +   -   -   -   +
    1107 TO     218    A   A   A   A   A   A
     217               +   +   A   A   A   +
      72 TO   ~1291    A   A   A   A   A   A
    1255 TO    1183    +   +   -   -   -   +
    1103 TO     216    A   A   A   A   A   A
     215               +   +   A   A   A   +
     214 TO   ~1292    A   A   A   A   A   A
    1256 TO    1184    +   +   -   -   -   +
    1099 TO     210    A   A   A   A   A   A
     209               +   +   A   A   A   +
      64 TO   ~1293    A   A   A   A   A   A
    1257 TO    1185    +   +   -   -   -   +
    1095 TO     206    A   A   A   A   A   A
     205               +   +   A   A   A   +
      60 TO   ~1259    A   A   A   A   A   A
    1258 TO    1186    +   +   -   -   -   +
    1109 TO     200    A   A   A   A   A   A
     199               +   +   A   A   A   +
      56 TO       4    A   A   A   A   A   A
    1090 TO     976    -   -   -   A   A   A
    1008 TO     990    -   -   -   -   -   -
     351 TO       3    -   -   -   A   A   A
    NULL                                    

  CONSTRAINTS         U1  U2  U3  R1  R2  R3
 1                     A   A               A
 2                                          
 3                     A   A               A
 4                                          
 5                     A   A               A
 6                                          
 7                     A   A               A
 8                                          
 9                     A   A               A
 10                                         
 11                    A   A               A
 12                                         
 13                    A   A               A
 14                                         
 15                    A   A               A
 16                                         
 17                    A   A               A
 18                                         
 19                    A   A               A
 20                                         
 21                    A   A               A
 22                                         
 23                    A   A               A
 24                                         
 25                    A   A               A
 26                                         
 27                    A   A               A
 28                                         
 29                    A   A               A
 30                                         
 31                    A   A               A
 32                                         
 33                    A   A               A
 34                                         
 35                    A   A               A
 36                                         
 37                    A   A               A
 38                                         
 39                    A   A               A
 40                                         
 41                    A   A               A
 42                                         
 43                    A   A               A
 44                                         
 45                    A   A               A
 46                                         
 47                    A   A               A
 48                                         
 49                    A   A               A
 50                                         
 51                    A   A               A
 52                                         
 53                    A   A               A
 54                                         
 55                    A   A               A
 56                                         
 57                    A   A               A
 58                                         
 59                    A   A               A
 60                                         
 61                    A   A               A
 62      TO 63                              
 64                    A   A               A
 65                                         
 66                    A   A               A
 67                                         
 68                    A   A               A
 69                                         
 70                    A   A               A
 71                                         
 72                    A   A               A
 73      TO 74                              
