

 ETABS 2015 Ultimate 64-bit 15.0.0 Build 1221 (Analysis Build 9340/64)
 File: C:\Users\TheTrailblazer...uments\GitHub\A23-model\A23example-72x72RSA.LOG




 B E G I N   A N A L Y S I S                                2015/11/28  14:27:47


 RUNNING ANALYSIS AS A SEPARATE PROCESS
 USING THE ADVANCED SOLVER (PROVIDES LIMITED INSTABILITY INFORMATION)

 NUMBER OF JOINTS                          =         999
    WITH RESTRAINTS                        =          79
    WITH MASS                              =         173
    WITH SPRINGS                           =         127
 NUMBER OF FRAME/CABLE/TENDON ELEMENTS     =         632
 NUMBER OF SHELL ELEMENTS                  =         401
 NUMBER OF CONSTRAINTS/WELDS               =          68
 NUMBER OF LOAD PATTERNS                   =           4
 NUMBER OF ACCELERATION LOADS              =           6
 NUMBER OF LOAD CASES                      =           8


 E L E M E N T   F O R M A T I O N                                      14:27:47


 NUMBER OF COUPLED CONSTRAINT EQUATIONS    =           0


 L I N E A R   E Q U A T I O N   S O L U T I O N                        14:27:47

 FORMING STIFFNESS AT ZERO (UNSTRESSED) INITIAL CONDITIONS

 TOTAL NUMBER OF EQUILIBRIUM EQUATIONS     =        3129
 NUMBER OF NON-ZERO STIFFNESS TERMS        =       59790

 * * * W A R N I N G * * *
 THE STRUCTURE IS UNSTABLE OR ILL-CONDITIONED !!
 CHECK THE STRUCTURE CAREFULLY FOR:
 - INADEQUATE SUPPORT CONDITIONS, OR
 - ONE OR MORE INTERNAL MECHANISMS, OR
 - ZERO OR NEGATIVE STIFFNESS PROPERTIES, OR
 - EXTREMELY LARGE STIFFNESS PROPERTIES, OR
 - BUCKLING DUE TO P-DELTA OR GEOMETRIC NONLINEARITY, OR
 - A FREQUENCY SHIFT (IF ANY) ONTO A NATURAL FREQUENCY

 TO OBTAIN FURTHER INFORMATION:
 - USE THE STANDARD SOLVER, OR
 - RUN AN EIGEN ANALYSIS USING AUTO FREQUENCY SHIFTING (WITH
   ADDITIONAL MASS IF NEEDED) AND INVESTIGATE THE MODE SHAPES


 NUMBER OF EIGENVALUES BELOW SHIFT         =           0


 L I N E A R   S T A T I C   C A S E S                                  14:27:47

 USING STIFFNESS AT ZERO (UNSTRESSED) INITIAL CONDITIONS

 TOTAL NUMBER OF CASES TO SOLVE            =           1
 NUMBER OF CASES TO SOLVE PER BLOCK        =           1

 LINEAR STATIC CASES TO BE SOLVED:

 CASE: ~LLRF


 E I G E N   M O D A L   A N A L Y S I S                                14:27:47

 CASE: MODAL

 USING STIFFNESS AT ZERO (UNSTRESSED) INITIAL CONDITIONS

 NUMBER OF STIFFNESS DEGREES OF FREEDOM    =        3129
 NUMBER OF MASS DEGREES OF FREEDOM         =         285
 MAXIMUM NUMBER OF EIGEN MODES SOUGHT      =          12
 MINIMUM NUMBER OF EIGEN MODES SOUGHT      =           1
 NUMBER OF RESIDUAL-MASS MODES SOUGHT      =           0
 NUMBER OF SUBSPACE VECTORS USED           =          24
 RELATIVE CONVERGENCE TOLERANCE            =    1.00E-09

 FREQUENCY SHIFT  (CENTER) (CYC/TIME)      =     .000000
 FREQUENCY CUTOFF (RADIUS) (CYC/TIME)      =  -INFINITY-
 ALLOW AUTOMATIC FREQUENCY SHIFTING        =         YES


 Original stiffness at shift : EV= 0.0000000E+00, f=     .000000, T=  -INFINITY-
 Number of eigenvalues below shift =      0
 Found mode      1 of     12:  EV= 1.3144060E+00, f=    0.182467, T=    5.480436
 Found mode      2 of     12:  EV= 2.0355126E+00, f=    0.227069, T=    4.403956
 Found mode      3 of     12:  EV= 1.0005897E+01, f=    0.503440, T=    1.986332
 Found mode      4 of     12:  EV= 3.8863978E+01, f=    0.992188, T=    1.007874
 Found mode      5 of     12:  EV= 7.3397230E+01, f=    1.363515, T=    0.733399
 Found mode      6 of     12:  EV= 9.6247819E+01, f=    1.561405, T=    0.640449
 Found mode      7 of     12:  EV= 2.0702911E+02, f=    2.290002, T=    0.436681
 Found mode      8 of     12:  EV= 2.8011858E+02, f=    2.663735, T=    0.375413
 Found mode      9 of     12:  EV= 5.3746758E+02, f=    3.689744, T=    0.271021
 Found mode     10 of     12:  EV= 5.4437953E+02, f=    3.713394, T=    0.269295
 Found mode     11 of     12:  EV= 6.2299941E+02, f=    3.972500, T=    0.251731
 Found mode     12 of     12:  EV= 1.0473308E+03, f=    5.150650, T=    0.194150

 NUMBER OF EIGEN MODES FOUND               =          12
 NUMBER OF ITERATIONS PERFORMED            =          11
 NUMBER OF STIFFNESS SHIFTS                =           0


 R E S P O N S E - S P E C T R U M   A N A L Y S I S                    14:27:48

 CASE: RSAX

 TYPE OF EXCITATION                        = STANDARD GROUND ACCELERATION

 USING MODES FROM CASE: MODAL
 NUMBER OF DYNAMIC MODES TO BE USED        =          12


 R E S P O N S E - S P E C T R U M   A N A L Y S I S                    14:27:48

 CASE: RSAY

 TYPE OF EXCITATION                        = STANDARD GROUND ACCELERATION

 USING MODES FROM CASE: MODAL
 NUMBER OF DYNAMIC MODES TO BE USED        =          12


 R E S P O N S E - S P E C T R U M   A N A L Y S I S                    14:27:48

 CASE: RSAY-PT

 TYPE OF EXCITATION                        = STANDARD GROUND ACCELERATION

 USING MODES FROM CASE: MODAL
 NUMBER OF DYNAMIC MODES TO BE USED        =          12


 R E S P O N S E - S P E C T R U M   A N A L Y S I S                    14:27:48

 CASE: RSAY-NT

 TYPE OF EXCITATION                        = STANDARD GROUND ACCELERATION

 USING MODES FROM CASE: MODAL
 NUMBER OF DYNAMIC MODES TO BE USED        =          12


 R E S P O N S E - S P E C T R U M   A N A L Y S I S                    14:27:48

 CASE: RSAX-NT

 TYPE OF EXCITATION                        = STANDARD GROUND ACCELERATION

 USING MODES FROM CASE: MODAL
 NUMBER OF DYNAMIC MODES TO BE USED        =          12


 R E S P O N S E - S P E C T R U M   A N A L Y S I S                    14:27:48

 CASE: RSAX-PT

 TYPE OF EXCITATION                        = STANDARD GROUND ACCELERATION

 USING MODES FROM CASE: MODAL
 NUMBER OF DYNAMIC MODES TO BE USED        =          12


 A N A L Y S I S   C O M P L E T E                          2015/11/28  14:27:49


 ETABS 2015 Ultimate 64-bit 15.0.0 Build 1221 (Analysis Build 9340/64)
 File: C:\Users\TheTrailblazer...uments\GitHub\A23-model\A23example-72x72RSA.LOG




 B E G I N   A N A L Y S I S                                2015/11/28  14:27:51


 RUNNING ANALYSIS AS A SEPARATE PROCESS
 USING THE ADVANCED SOLVER (PROVIDES LIMITED INSTABILITY INFORMATION)

 NUMBER OF JOINTS                          =         999
    WITH RESTRAINTS                        =          79
    WITH MASS                              =         173
    WITH SPRINGS                           =         127
 NUMBER OF FRAME/CABLE/TENDON ELEMENTS     =         632
 NUMBER OF SHELL ELEMENTS                  =         401
 NUMBER OF CONSTRAINTS/WELDS               =          68
 NUMBER OF LOAD PATTERNS                   =           8
 NUMBER OF ACCELERATION LOADS              =           6
 NUMBER OF LOAD CASES                      =          12


 E L E M E N T   F O R M A T I O N                                      14:27:51


 NUMBER OF COUPLED CONSTRAINT EQUATIONS    =           0


 L I N E A R   E Q U A T I O N   S O L U T I O N                        14:27:52

 FORMING STIFFNESS AT ZERO (UNSTRESSED) INITIAL CONDITIONS

 TOTAL NUMBER OF EQUILIBRIUM EQUATIONS     =        3129
 NUMBER OF NON-ZERO STIFFNESS TERMS        =       59790

 * * * W A R N I N G * * *
 THE STRUCTURE IS UNSTABLE OR ILL-CONDITIONED !!
 CHECK THE STRUCTURE CAREFULLY FOR:
 - INADEQUATE SUPPORT CONDITIONS, OR
 - ONE OR MORE INTERNAL MECHANISMS, OR
 - ZERO OR NEGATIVE STIFFNESS PROPERTIES, OR
 - EXTREMELY LARGE STIFFNESS PROPERTIES, OR
 - BUCKLING DUE TO P-DELTA OR GEOMETRIC NONLINEARITY, OR
 - A FREQUENCY SHIFT (IF ANY) ONTO A NATURAL FREQUENCY

 TO OBTAIN FURTHER INFORMATION:
 - USE THE STANDARD SOLVER, OR
 - RUN AN EIGEN ANALYSIS USING AUTO FREQUENCY SHIFTING (WITH
   ADDITIONAL MASS IF NEEDED) AND INVESTIGATE THE MODE SHAPES


 NUMBER OF EIGENVALUES BELOW SHIFT         =           0


 L I N E A R   S T A T I C   C A S E S                                  14:27:52

 USING STIFFNESS AT ZERO (UNSTRESSED) INITIAL CONDITIONS

 TOTAL NUMBER OF CASES TO SOLVE            =           4
 NUMBER OF CASES TO SOLVE PER BLOCK        =           4

 LINEAR STATIC CASES TO BE SOLVED:

 CASE: ~TORSIONRSAY-PT
 CASE: ~TORSIONRSAY-NT
 CASE: ~TORSIONRSAX-NT
 CASE: ~TORSIONRSAX-PT


 R E S P O N S E - S P E C T R U M   A N A L Y S I S                    14:27:52

 CASE: RSAY-PT

 TYPE OF EXCITATION                        = STANDARD GROUND ACCELERATION

 USING MODES FROM CASE: MODAL
 NUMBER OF DYNAMIC MODES TO BE USED        =          12


 R E S P O N S E - S P E C T R U M   A N A L Y S I S                    14:27:52

 CASE: RSAY-NT

 TYPE OF EXCITATION                        = STANDARD GROUND ACCELERATION

 USING MODES FROM CASE: MODAL
 NUMBER OF DYNAMIC MODES TO BE USED        =          12


 R E S P O N S E - S P E C T R U M   A N A L Y S I S                    14:27:52

 CASE: RSAX-NT

 TYPE OF EXCITATION                        = STANDARD GROUND ACCELERATION

 USING MODES FROM CASE: MODAL
 NUMBER OF DYNAMIC MODES TO BE USED        =          12


 R E S P O N S E - S P E C T R U M   A N A L Y S I S                    14:27:52

 CASE: RSAX-PT

 TYPE OF EXCITATION                        = STANDARD GROUND ACCELERATION

 USING MODES FROM CASE: MODAL
 NUMBER OF DYNAMIC MODES TO BE USED        =          12


 A N A L Y S I S   C O M P L E T E                          2015/11/28  14:27:52
