 ETABS 2015 Ultimate 64-bit 15.0.0 Build 1221 (Analysis Build 9340/64)          
 File: C:\Users\TheTrailblazer...ents\GitHub\A23-model\A23example-72x72-Wind.OUT
                                                                     
                                                                       

 1, CONSTR = RIGID, DOF = U1 U2 R3

                     LOCAL COORDINATE SYSTEM FOR CONSTRAINT MASTER
  GLOBAL          U1          U2          U3          R1          R2          R3
     X      1.000000     .000000     .000000    1.000000     .000000     .000000
     Y       .000000    1.000000     .000000     .000000    1.000000     .000000
     Z       .000000     .000000    1.000000     .000000     .000000    1.000000

                     TRANSLATIONAL MASS AND MASS MOMENTS OF INERTIA
                  U1          U2          U3          R1          R2          R3
          152.451186  152.451186     .000000     .000000     .000000  3.2205E+09

                     CENTER OF MASS
  GLOBAL          U1          U2          U3
     X     38.889008   38.889008 -142.006529
     Y      3.19E-14    3.19E-14    1.60E-13
     Z     90150.000   90150.000   90150.000

 3, CONSTR = RIGID, DOF = U1 U2 R3

                     LOCAL COORDINATE SYSTEM FOR CONSTRAINT MASTER
  GLOBAL          U1          U2          U3          R1          R2          R3
     X      1.000000     .000000     .000000    1.000000     .000000     .000000
     Y       .000000    1.000000     .000000     .000000    1.000000     .000000
     Z       .000000     .000000    1.000000     .000000     .000000    1.000000

                     TRANSLATIONAL MASS AND MASS MOMENTS OF INERTIA
                  U1          U2          U3          R1          R2          R3
          520.484041  520.484041     .000000     .000000     .000000  4.6495E+10

                     CENTER OF MASS
  GLOBAL          U1          U2          U3
     X     39.097379   39.097379  -19.029117
     Y     -1.04E-13   -1.04E-13    8.80E-14
     Z     85080.000   85080.000   85080.000

 5, CONSTR = RIGID, DOF = U1 U2 R3

                     LOCAL COORDINATE SYSTEM FOR CONSTRAINT MASTER
  GLOBAL          U1          U2          U3          R1          R2          R3
     X      1.000000     .000000     .000000    1.000000     .000000     .000000
     Y       .000000    1.000000     .000000     .000000    1.000000     .000000
     Z       .000000     .000000    1.000000     .000000     .000000    1.000000

                     TRANSLATIONAL MASS AND MASS MOMENTS OF INERTIA
                  U1          U2          U3          R1          R2          R3
          490.214124  490.214124     .000000     .000000     .000000  4.8318E+10

                     CENTER OF MASS
  GLOBAL          U1          U2          U3
     X     28.828807   28.828807  -19.360361
     Y     -1.10E-13   -1.10E-13    8.80E-14
     Z     82300.000   82300.000   82300.000

 7, CONSTR = RIGID, DOF = U1 U2 R3

                     LOCAL COORDINATE SYSTEM FOR CONSTRAINT MASTER
  GLOBAL          U1          U2          U3          R1          R2          R3
     X      1.000000     .000000     .000000    1.000000     .000000     .000000
     Y       .000000    1.000000     .000000     .000000    1.000000     .000000
     Z       .000000     .000000    1.000000     .000000     .000000    1.000000

                     TRANSLATIONAL MASS AND MASS MOMENTS OF INERTIA
                  U1          U2          U3          R1          R2          R3
          490.214124  490.214124     .000000     .000000     .000000  4.8318E+10

                     CENTER OF MASS
  GLOBAL          U1          U2          U3
     X     28.828807   28.828807  -19.360361
     Y     -1.10E-13   -1.10E-13    8.80E-14
     Z     79520.000   79520.000   79520.000

 9, CONSTR = RIGID, DOF = U1 U2 R3

                     LOCAL COORDINATE SYSTEM FOR CONSTRAINT MASTER
  GLOBAL          U1          U2          U3          R1          R2          R3
     X      1.000000     .000000     .000000    1.000000     .000000     .000000
     Y       .000000    1.000000     .000000     .000000    1.000000     .000000
     Z       .000000     .000000    1.000000     .000000     .000000    1.000000

                     TRANSLATIONAL MASS AND MASS MOMENTS OF INERTIA
                  U1          U2          U3          R1          R2          R3
          490.214124  490.214124     .000000     .000000     .000000  4.8318E+10

                     CENTER OF MASS
  GLOBAL          U1          U2          U3
     X     28.828807   28.828807  -19.360361
     Y     -1.10E-13   -1.10E-13    8.80E-14
     Z     76740.000   76740.000   76740.000

 11, CONSTR = RIGID, DOF = U1 U2 R3

                     LOCAL COORDINATE SYSTEM FOR CONSTRAINT MASTER
  GLOBAL          U1          U2          U3          R1          R2          R3
     X      1.000000     .000000     .000000    1.000000     .000000     .000000
     Y       .000000    1.000000     .000000     .000000    1.000000     .000000
     Z       .000000     .000000    1.000000     .000000     .000000    1.000000

                     TRANSLATIONAL MASS AND MASS MOMENTS OF INERTIA
                  U1          U2          U3          R1          R2          R3
          490.214124  490.214124     .000000     .000000     .000000  4.8318E+10

                     CENTER OF MASS
  GLOBAL          U1          U2          U3
     X     28.828807   28.828807  -19.360361
     Y     -1.10E-13   -1.10E-13    8.80E-14
     Z     73960.000   73960.000   73960.000

 13, CONSTR = RIGID, DOF = U1 U2 R3

                     LOCAL COORDINATE SYSTEM FOR CONSTRAINT MASTER
  GLOBAL          U1          U2          U3          R1          R2          R3
     X      1.000000     .000000     .000000    1.000000     .000000     .000000
     Y       .000000    1.000000     .000000     .000000    1.000000     .000000
     Z       .000000     .000000    1.000000     .000000     .000000    1.000000

                     TRANSLATIONAL MASS AND MASS MOMENTS OF INERTIA
                  U1          U2          U3          R1          R2          R3
          490.214124  490.214124     .000000     .000000     .000000  4.8318E+10

                     CENTER OF MASS
  GLOBAL          U1          U2          U3
     X     28.828807   28.828807  -19.360361
     Y     -1.10E-13   -1.10E-13    8.80E-14
     Z     71180.000   71180.000   71180.000

 15, CONSTR = RIGID, DOF = U1 U2 R3

                     LOCAL COORDINATE SYSTEM FOR CONSTRAINT MASTER
  GLOBAL          U1          U2          U3          R1          R2          R3
     X      1.000000     .000000     .000000    1.000000     .000000     .000000
     Y       .000000    1.000000     .000000     .000000    1.000000     .000000
     Z       .000000     .000000    1.000000     .000000     .000000    1.000000

                     TRANSLATIONAL MASS AND MASS MOMENTS OF INERTIA
                  U1          U2          U3          R1          R2          R3
          490.214124  490.214124     .000000     .000000     .000000  4.8318E+10

                     CENTER OF MASS
  GLOBAL          U1          U2          U3
     X     28.828807   28.828807  -19.360361
     Y     -1.10E-13   -1.10E-13    8.80E-14
     Z     68400.000   68400.000   68400.000

 17, CONSTR = RIGID, DOF = U1 U2 R3

                     LOCAL COORDINATE SYSTEM FOR CONSTRAINT MASTER
  GLOBAL          U1          U2          U3          R1          R2          R3
     X      1.000000     .000000     .000000    1.000000     .000000     .000000
     Y       .000000    1.000000     .000000     .000000    1.000000     .000000
     Z       .000000     .000000    1.000000     .000000     .000000    1.000000

                     TRANSLATIONAL MASS AND MASS MOMENTS OF INERTIA
                  U1          U2          U3          R1          R2          R3
          490.214124  490.214124     .000000     .000000     .000000  4.8318E+10

                     CENTER OF MASS
  GLOBAL          U1          U2          U3
     X     28.828807   28.828807  -19.360361
     Y     -1.10E-13   -1.10E-13    8.80E-14
     Z     65620.000   65620.000   65620.000

 19, CONSTR = RIGID, DOF = U1 U2 R3

                     LOCAL COORDINATE SYSTEM FOR CONSTRAINT MASTER
  GLOBAL          U1          U2          U3          R1          R2          R3
     X      1.000000     .000000     .000000    1.000000     .000000     .000000
     Y       .000000    1.000000     .000000     .000000    1.000000     .000000
     Z       .000000     .000000    1.000000     .000000     .000000    1.000000

                     TRANSLATIONAL MASS AND MASS MOMENTS OF INERTIA
                  U1          U2          U3          R1          R2          R3
          490.214124  490.214124     .000000     .000000     .000000  4.8318E+10

                     CENTER OF MASS
  GLOBAL          U1          U2          U3
     X     28.828807   28.828807  -19.360361
     Y     -1.10E-13   -1.10E-13    8.80E-14
     Z     62840.000   62840.000   62840.000

 21, CONSTR = RIGID, DOF = U1 U2 R3

                     LOCAL COORDINATE SYSTEM FOR CONSTRAINT MASTER
  GLOBAL          U1          U2          U3          R1          R2          R3
     X      1.000000     .000000     .000000    1.000000     .000000     .000000
     Y       .000000    1.000000     .000000     .000000    1.000000     .000000
     Z       .000000     .000000    1.000000     .000000     .000000    1.000000

                     TRANSLATIONAL MASS AND MASS MOMENTS OF INERTIA
                  U1          U2          U3          R1          R2          R3
          490.214124  490.214124     .000000     .000000     .000000  4.8318E+10

                     CENTER OF MASS
  GLOBAL          U1          U2          U3
     X     28.828807   28.828807  -19.360361
     Y     -1.10E-13   -1.10E-13    8.80E-14
     Z     60060.000   60060.000   60060.000

 23, CONSTR = RIGID, DOF = U1 U2 R3

                     LOCAL COORDINATE SYSTEM FOR CONSTRAINT MASTER
  GLOBAL          U1          U2          U3          R1          R2          R3
     X      1.000000     .000000     .000000    1.000000     .000000     .000000
     Y       .000000    1.000000     .000000     .000000    1.000000     .000000
     Z       .000000     .000000    1.000000     .000000     .000000    1.000000

                     TRANSLATIONAL MASS AND MASS MOMENTS OF INERTIA
                  U1          U2          U3          R1          R2          R3
          490.214124  490.214124     .000000     .000000     .000000  4.8318E+10

                     CENTER OF MASS
  GLOBAL          U1          U2          U3
     X     28.828807   28.828807  -19.360361
     Y     -1.10E-13   -1.10E-13    8.80E-14
     Z     57280.000   57280.000   57280.000

 25, CONSTR = RIGID, DOF = U1 U2 R3

                     LOCAL COORDINATE SYSTEM FOR CONSTRAINT MASTER
  GLOBAL          U1          U2          U3          R1          R2          R3
     X      1.000000     .000000     .000000    1.000000     .000000     .000000
     Y       .000000    1.000000     .000000     .000000    1.000000     .000000
     Z       .000000     .000000    1.000000     .000000     .000000    1.000000

                     TRANSLATIONAL MASS AND MASS MOMENTS OF INERTIA
                  U1          U2          U3          R1          R2          R3
          490.214124  490.214124     .000000     .000000     .000000  4.8318E+10

                     CENTER OF MASS
  GLOBAL          U1          U2          U3
     X     28.828807   28.828807  -19.360361
     Y     -1.10E-13   -1.10E-13    8.80E-14
     Z     54500.000   54500.000   54500.000

 27, CONSTR = RIGID, DOF = U1 U2 R3

                     LOCAL COORDINATE SYSTEM FOR CONSTRAINT MASTER
  GLOBAL          U1          U2          U3          R1          R2          R3
     X      1.000000     .000000     .000000    1.000000     .000000     .000000
     Y       .000000    1.000000     .000000     .000000    1.000000     .000000
     Z       .000000     .000000    1.000000     .000000     .000000    1.000000

                     TRANSLATIONAL MASS AND MASS MOMENTS OF INERTIA
                  U1          U2          U3          R1          R2          R3
          490.214124  490.214124     .000000     .000000     .000000  4.8318E+10

                     CENTER OF MASS
  GLOBAL          U1          U2          U3
     X     28.828807   28.828807  -19.360361
     Y     -1.10E-13   -1.10E-13    8.80E-14
     Z     51720.000   51720.000   51720.000

 29, CONSTR = RIGID, DOF = U1 U2 R3

                     LOCAL COORDINATE SYSTEM FOR CONSTRAINT MASTER
  GLOBAL          U1          U2          U3          R1          R2          R3
     X      1.000000     .000000     .000000    1.000000     .000000     .000000
     Y       .000000    1.000000     .000000     .000000    1.000000     .000000
     Z       .000000     .000000    1.000000     .000000     .000000    1.000000

                     TRANSLATIONAL MASS AND MASS MOMENTS OF INERTIA
                  U1          U2          U3          R1          R2          R3
          490.214124  490.214124     .000000     .000000     .000000  4.8318E+10

                     CENTER OF MASS
  GLOBAL          U1          U2          U3
     X     28.828807   28.828807  -19.360361
     Y     -1.10E-13   -1.10E-13    8.80E-14
     Z     48940.000   48940.000   48940.000

 31, CONSTR = RIGID, DOF = U1 U2 R3

                     LOCAL COORDINATE SYSTEM FOR CONSTRAINT MASTER
  GLOBAL          U1          U2          U3          R1          R2          R3
     X      1.000000     .000000     .000000    1.000000     .000000     .000000
     Y       .000000    1.000000     .000000     .000000    1.000000     .000000
     Z       .000000     .000000    1.000000     .000000     .000000    1.000000

                     TRANSLATIONAL MASS AND MASS MOMENTS OF INERTIA
                  U1          U2          U3          R1          R2          R3
          490.214124  490.214124     .000000     .000000     .000000  4.8318E+10

                     CENTER OF MASS
  GLOBAL          U1          U2          U3
     X     28.828807   28.828807  -19.360361
     Y     -1.10E-13   -1.10E-13    8.80E-14
     Z     46160.000   46160.000   46160.000

 33, CONSTR = RIGID, DOF = U1 U2 R3

                     LOCAL COORDINATE SYSTEM FOR CONSTRAINT MASTER
  GLOBAL          U1          U2          U3          R1          R2          R3
     X      1.000000     .000000     .000000    1.000000     .000000     .000000
     Y       .000000    1.000000     .000000     .000000    1.000000     .000000
     Z       .000000     .000000    1.000000     .000000     .000000    1.000000

                     TRANSLATIONAL MASS AND MASS MOMENTS OF INERTIA
                  U1          U2          U3          R1          R2          R3
          490.214124  490.214124     .000000     .000000     .000000  4.8318E+10

                     CENTER OF MASS
  GLOBAL          U1          U2          U3
     X     28.828807   28.828807  -19.360361
     Y     -1.10E-13   -1.10E-13    8.80E-14
     Z     43380.000   43380.000   43380.000

 35, CONSTR = RIGID, DOF = U1 U2 R3

                     LOCAL COORDINATE SYSTEM FOR CONSTRAINT MASTER
  GLOBAL          U1          U2          U3          R1          R2          R3
     X      1.000000     .000000     .000000    1.000000     .000000     .000000
     Y       .000000    1.000000     .000000     .000000    1.000000     .000000
     Z       .000000     .000000    1.000000     .000000     .000000    1.000000

                     TRANSLATIONAL MASS AND MASS MOMENTS OF INERTIA
                  U1          U2          U3          R1          R2          R3
          490.214124  490.214124     .000000     .000000     .000000  4.8318E+10

                     CENTER OF MASS
  GLOBAL          U1          U2          U3
     X     28.828807   28.828807  -19.360361
     Y     -1.10E-13   -1.10E-13    8.80E-14
     Z     40600.000   40600.000   40600.000

 37, CONSTR = RIGID, DOF = U1 U2 R3

                     LOCAL COORDINATE SYSTEM FOR CONSTRAINT MASTER
  GLOBAL          U1          U2          U3          R1          R2          R3
     X      1.000000     .000000     .000000    1.000000     .000000     .000000
     Y       .000000    1.000000     .000000     .000000    1.000000     .000000
     Z       .000000     .000000    1.000000     .000000     .000000    1.000000

                     TRANSLATIONAL MASS AND MASS MOMENTS OF INERTIA
                  U1          U2          U3          R1          R2          R3
          490.214124  490.214124     .000000     .000000     .000000  4.8318E+10

                     CENTER OF MASS
  GLOBAL          U1          U2          U3
     X     28.828807   28.828807  -19.360361
     Y     -1.10E-13   -1.10E-13    8.80E-14
     Z     37820.000   37820.000   37820.000

 39, CONSTR = RIGID, DOF = U1 U2 R3

                     LOCAL COORDINATE SYSTEM FOR CONSTRAINT MASTER
  GLOBAL          U1          U2          U3          R1          R2          R3
     X      1.000000     .000000     .000000    1.000000     .000000     .000000
     Y       .000000    1.000000     .000000     .000000    1.000000     .000000
     Z       .000000     .000000    1.000000     .000000     .000000    1.000000

                     TRANSLATIONAL MASS AND MASS MOMENTS OF INERTIA
                  U1          U2          U3          R1          R2          R3
          490.214124  490.214124     .000000     .000000     .000000  4.8318E+10

                     CENTER OF MASS
  GLOBAL          U1          U2          U3
     X     28.828807   28.828807  -19.360361
     Y     -1.10E-13   -1.10E-13    8.80E-14
     Z     35040.000   35040.000   35040.000

 41, CONSTR = RIGID, DOF = U1 U2 R3

                     LOCAL COORDINATE SYSTEM FOR CONSTRAINT MASTER
  GLOBAL          U1          U2          U3          R1          R2          R3
     X      1.000000     .000000     .000000    1.000000     .000000     .000000
     Y       .000000    1.000000     .000000     .000000    1.000000     .000000
     Z       .000000     .000000    1.000000     .000000     .000000    1.000000

                     TRANSLATIONAL MASS AND MASS MOMENTS OF INERTIA
                  U1          U2          U3          R1          R2          R3
          490.214124  490.214124     .000000     .000000     .000000  4.8318E+10

                     CENTER OF MASS
  GLOBAL          U1          U2          U3
     X     28.828807   28.828807  -19.360361
     Y     -1.10E-13   -1.10E-13    8.80E-14
     Z     32260.000   32260.000   32260.000

 43, CONSTR = RIGID, DOF = U1 U2 R3

                     LOCAL COORDINATE SYSTEM FOR CONSTRAINT MASTER
  GLOBAL          U1          U2          U3          R1          R2          R3
     X      1.000000     .000000     .000000    1.000000     .000000     .000000
     Y       .000000    1.000000     .000000     .000000    1.000000     .000000
     Z       .000000     .000000    1.000000     .000000     .000000    1.000000

                     TRANSLATIONAL MASS AND MASS MOMENTS OF INERTIA
                  U1          U2          U3          R1          R2          R3
          490.214127  490.214127     .000000     .000000     .000000  4.8318E+10

                     CENTER OF MASS
  GLOBAL          U1          U2          U3
     X     28.828808   28.828808  -19.360361
     Y     -1.10E-13   -1.10E-13    8.80E-14
     Z     29480.000   29480.000   29480.000

 45, CONSTR = RIGID, DOF = U1 U2 R3

                     LOCAL COORDINATE SYSTEM FOR CONSTRAINT MASTER
  GLOBAL          U1          U2          U3          R1          R2          R3
     X      1.000000     .000000     .000000    1.000000     .000000     .000000
     Y       .000000    1.000000     .000000     .000000    1.000000     .000000
     Z       .000000     .000000    1.000000     .000000     .000000    1.000000

                     TRANSLATIONAL MASS AND MASS MOMENTS OF INERTIA
                  U1          U2          U3          R1          R2          R3
          490.214130  490.214130     .000000     .000000     .000000  4.8318E+10

                     CENTER OF MASS
  GLOBAL          U1          U2          U3
     X     28.828808   28.828808  -19.360361
     Y     -1.10E-13   -1.10E-13    8.80E-14
     Z     26700.000   26700.000   26700.000

 47, CONSTR = RIGID, DOF = U1 U2 R3

                     LOCAL COORDINATE SYSTEM FOR CONSTRAINT MASTER
  GLOBAL          U1          U2          U3          R1          R2          R3
     X      1.000000     .000000     .000000    1.000000     .000000     .000000
     Y       .000000    1.000000     .000000     .000000    1.000000     .000000
     Z       .000000     .000000    1.000000     .000000     .000000    1.000000

                     TRANSLATIONAL MASS AND MASS MOMENTS OF INERTIA
                  U1          U2          U3          R1          R2          R3
          490.214130  490.214130     .000000     .000000     .000000  4.8318E+10

                     CENTER OF MASS
  GLOBAL          U1          U2          U3
     X     28.828808   28.828808  -19.360361
     Y     -1.10E-13   -1.10E-13    8.80E-14
     Z     23920.000   23920.000   23920.000

 49, CONSTR = RIGID, DOF = U1 U2 R3

                     LOCAL COORDINATE SYSTEM FOR CONSTRAINT MASTER
  GLOBAL          U1          U2          U3          R1          R2          R3
     X      1.000000     .000000     .000000    1.000000     .000000     .000000
     Y       .000000    1.000000     .000000     .000000    1.000000     .000000
     Z       .000000     .000000    1.000000     .000000     .000000    1.000000

                     TRANSLATIONAL MASS AND MASS MOMENTS OF INERTIA
                  U1          U2          U3          R1          R2          R3
          490.214130  490.214130     .000000     .000000     .000000  4.8318E+10

                     CENTER OF MASS
  GLOBAL          U1          U2          U3
     X     28.828808   28.828808  -19.360361
     Y     -1.10E-13   -1.10E-13    8.80E-14
     Z     21140.000   21140.000   21140.000

 51, CONSTR = RIGID, DOF = U1 U2 R3

                     LOCAL COORDINATE SYSTEM FOR CONSTRAINT MASTER
  GLOBAL          U1          U2          U3          R1          R2          R3
     X      1.000000     .000000     .000000    1.000000     .000000     .000000
     Y       .000000    1.000000     .000000     .000000    1.000000     .000000
     Z       .000000     .000000    1.000000     .000000     .000000    1.000000

                     TRANSLATIONAL MASS AND MASS MOMENTS OF INERTIA
                  U1          U2          U3          R1          R2          R3
          490.214130  490.214130     .000000     .000000     .000000  4.8318E+10

                     CENTER OF MASS
  GLOBAL          U1          U2          U3
     X     28.828808   28.828808  -19.360361
     Y     -1.10E-13   -1.10E-13    8.80E-14
     Z     18360.000   18360.000   18360.000

 53, CONSTR = RIGID, DOF = U1 U2 R3

                     LOCAL COORDINATE SYSTEM FOR CONSTRAINT MASTER
  GLOBAL          U1          U2          U3          R1          R2          R3
     X      1.000000     .000000     .000000    1.000000     .000000     .000000
     Y       .000000    1.000000     .000000     .000000    1.000000     .000000
     Z       .000000     .000000    1.000000     .000000     .000000    1.000000

                     TRANSLATIONAL MASS AND MASS MOMENTS OF INERTIA
                  U1          U2          U3          R1          R2          R3
          490.214130  490.214130     .000000     .000000     .000000  4.8318E+10

                     CENTER OF MASS
  GLOBAL          U1          U2          U3
     X     28.828808   28.828808  -19.360361
     Y     -1.10E-13   -1.10E-13    8.80E-14
     Z     15580.000   15580.000   15580.000

 55, CONSTR = RIGID, DOF = U1 U2 R3

                     LOCAL COORDINATE SYSTEM FOR CONSTRAINT MASTER
  GLOBAL          U1          U2          U3          R1          R2          R3
     X      1.000000     .000000     .000000    1.000000     .000000     .000000
     Y       .000000    1.000000     .000000     .000000    1.000000     .000000
     Z       .000000     .000000    1.000000     .000000     .000000    1.000000

                     TRANSLATIONAL MASS AND MASS MOMENTS OF INERTIA
                  U1          U2          U3          R1          R2          R3
          490.214130  490.214130     .000000     .000000     .000000  4.8318E+10

                     CENTER OF MASS
  GLOBAL          U1          U2          U3
     X     28.828808   28.828808  -19.360361
     Y     -1.10E-13   -1.10E-13    8.80E-14
     Z     12800.000   12800.000   12800.000

 57, CONSTR = RIGID, DOF = U1 U2 R3

                     LOCAL COORDINATE SYSTEM FOR CONSTRAINT MASTER
  GLOBAL          U1          U2          U3          R1          R2          R3
     X      1.000000     .000000     .000000    1.000000     .000000     .000000
     Y       .000000    1.000000     .000000     .000000    1.000000     .000000
     Z       .000000     .000000    1.000000     .000000     .000000    1.000000

                     TRANSLATIONAL MASS AND MASS MOMENTS OF INERTIA
                  U1          U2          U3          R1          R2          R3
          490.214130  490.214130     .000000     .000000     .000000  4.8318E+10

                     CENTER OF MASS
  GLOBAL          U1          U2          U3
     X     28.828808   28.828808  -19.360361
     Y     -1.10E-13   -1.10E-13    8.80E-14
     Z     10020.000   10020.000   10020.000

 59, CONSTR = RIGID, DOF = U1 U2 R3

                     LOCAL COORDINATE SYSTEM FOR CONSTRAINT MASTER
  GLOBAL          U1          U2          U3          R1          R2          R3
     X      1.000000     .000000     .000000    1.000000     .000000     .000000
     Y       .000000    1.000000     .000000     .000000    1.000000     .000000
     Z       .000000     .000000    1.000000     .000000     .000000    1.000000

                     TRANSLATIONAL MASS AND MASS MOMENTS OF INERTIA
                  U1          U2          U3          R1          R2          R3
          490.214130  490.214130     .000000     .000000     .000000  4.8318E+10

                     CENTER OF MASS
  GLOBAL          U1          U2          U3
     X     28.828808   28.828808  -19.360361
     Y     -1.10E-13   -1.10E-13    8.80E-14
     Z      7240.000    7240.000    7240.000

 61, CONSTR = RIGID, DOF = U1 U2 R3

                     LOCAL COORDINATE SYSTEM FOR CONSTRAINT MASTER
  GLOBAL          U1          U2          U3          R1          R2          R3
     X      1.000000     .000000     .000000    1.000000     .000000     .000000
     Y       .000000    1.000000     .000000     .000000    1.000000     .000000
     Z       .000000     .000000    1.000000     .000000     .000000    1.000000

                     TRANSLATIONAL MASS AND MASS MOMENTS OF INERTIA
                  U1          U2          U3          R1          R2          R3
          543.859431  543.859431     .000000     .000000     .000000  5.1152E+10

                     CENTER OF MASS
  GLOBAL          U1          U2          U3
     X     24.854380   24.854380  -19.488568
     Y      2.92E-13    2.92E-13    8.80E-14
     Z      4460.000    4460.000    4460.000

 64, CONSTR = RIGID, DOF = U1 U2 R3

                     LOCAL COORDINATE SYSTEM FOR CONSTRAINT MASTER
  GLOBAL          U1          U2          U3          R1          R2          R3
     X      1.000000     .000000     .000000    1.000000     .000000     .000000
     Y       .000000    1.000000     .000000     .000000    1.000000     .000000
     Z       .000000     .000000    1.000000     .000000     .000000    1.000000

                     TRANSLATIONAL MASS AND MASS MOMENTS OF INERTIA
                  U1          U2          U3          R1          R2          R3
           46.587232   46.587232     .000000     .000000     .000000     .000000

                     CENTER OF MASS
  GLOBAL          U1          U2          U3
     X    912.000000  912.000000  152.727364
     Y     -4115.000   -4115.000 -685.833333
     Z       .000000     .000000     .000000

 66, CONSTR = RIGID, DOF = U1 U2 R3

                     LOCAL COORDINATE SYSTEM FOR CONSTRAINT MASTER
  GLOBAL          U1          U2          U3          R1          R2          R3
     X      1.000000     .000000     .000000    1.000000     .000000     .000000
     Y       .000000    1.000000     .000000     .000000    1.000000     .000000
     Z       .000000     .000000    1.000000     .000000     .000000    1.000000

                     TRANSLATIONAL MASS AND MASS MOMENTS OF INERTIA
                  U1          U2          U3          R1          R2          R3
           41.218186   41.218186     .000000     .000000     .000000    8.52E-24

                     CENTER OF MASS
  GLOBAL          U1          U2          U3
     X    912.000000  912.000000  152.770208
     Y     -4115.000   -4115.000 -685.833333
     Z     -4520.000   -4520.000   -4520.000

 D I S P L A C E M E N T   D E G R E E S   O F   F R E E D O M

         (A) = Active DOF, equilibrium equation
         (-) = Restrained DOF, reaction computed
         (+) = Constrained DOF
         (>) = External substructure DOF
         ( ) = Null DOF

  JOINTS              UX  UY  UZ  RX  RY  RZ
   ~1100               A   A   A   A   A   A
    1025 TO       3    +   +   -   -   -   +
     492 TO     193    +   +   A   A   A   +
   ~1101               A   A   A   A   A   A
    1026 TO       4    +   +   -   -   -   +
      32 TO      31    +   +               +
      30 TO     189    +   +   A   A   A   +
   ~1102               A   A   A   A   A   A
    1027 TO       9    +   +   -   -   -   +
     498 TO     497    +   +               +
     496 TO     185    +   +   A   A   A   +
   ~1103               A   A   A   A   A   A
    1028 TO      10    +   +   -   -   -   +
     512 TO     511    +   +               +
     510 TO     181    +   +   A   A   A   +
   ~1104               A   A   A   A   A   A
    1029 TO      11    +   +   -   -   -   +
     526 TO     525    +   +               +
     524 TO     177    +   +   A   A   A   +
   ~1105               A   A   A   A   A   A
    1030 TO      12    +   +   -   -   -   +
     540 TO     539    +   +               +
     538 TO     173    +   +   A   A   A   +
   ~1106               A   A   A   A   A   A
    1031 TO      13    +   +   -   -   -   +
     554 TO     553    +   +               +
     552 TO     169    +   +   A   A   A   +
   ~1107               A   A   A   A   A   A
    1032 TO      14    +   +   -   -   -   +
     568 TO     567    +   +               +
     566 TO     165    +   +   A   A   A   +
   ~1108               A   A   A   A   A   A
    1033 TO      15    +   +   -   -   -   +
     582 TO     581    +   +               +
     580 TO     161    +   +   A   A   A   +
   ~1109               A   A   A   A   A   A
    1034 TO      16    +   +   -   -   -   +
     596 TO     595    +   +               +
     594 TO     157    +   +   A   A   A   +
   ~1110               A   A   A   A   A   A
    1035 TO      17    +   +   -   -   -   +
     610 TO     609    +   +               +
     608 TO     153    +   +   A   A   A   +
   ~1111               A   A   A   A   A   A
    1036 TO      18    +   +   -   -   -   +
     624 TO     623    +   +               +
     622 TO     149    +   +   A   A   A   +
   ~1112               A   A   A   A   A   A
    1037 TO      19    +   +   -   -   -   +
     638 TO     637    +   +               +
     636 TO     145    +   +   A   A   A   +
   ~1113               A   A   A   A   A   A
    1038 TO      20    +   +   -   -   -   +
     652 TO     651    +   +               +
     650 TO     141    +   +   A   A   A   +
   ~1114               A   A   A   A   A   A
    1054 TO      25    +   +   -   -   -   +
     666 TO     665    +   +               +
     664 TO     137    +   +   A   A   A   +
   ~1115               A   A   A   A   A   A
    1055 TO      26    +   +   -   -   -   +
     680 TO     679    +   +               +
     678 TO     133    +   +   A   A   A   +
   ~1116               A   A   A   A   A   A
    1056 TO      41    +   +   -   -   -   +
     694 TO     693    +   +               +
     692 TO     129    +   +   A   A   A   +
   ~1117               A   A   A   A   A   A
    1057 TO      42    +   +   -   -   -   +
     708 TO     707    +   +               +
     706 TO     125    +   +   A   A   A   +
   ~1118               A   A   A   A   A   A
    1058 TO      43    +   +   -   -   -   +
     722 TO     721    +   +               +
     720 TO     121    +   +   A   A   A   +
   ~1119               A   A   A   A   A   A
    1059 TO      44    +   +   -   -   -   +
     736 TO     735    +   +               +
     734 TO     117    +   +   A   A   A   +
   ~1120               A   A   A   A   A   A
    1060 TO      45    +   +   -   -   -   +
     750 TO     749    +   +               +
     748 TO     113    +   +   A   A   A   +
   ~1121               A   A   A   A   A   A
    1061 TO      46    +   +   -   -   -   +
     764 TO     763    +   +               +
     762 TO     109    +   +   A   A   A   +
   ~1122               A   A   A   A   A   A
    1062 TO      47    +   +   -   -   -   +
     778 TO     777    +   +               +
     776 TO     105    +   +   A   A   A   +
   ~1123               A   A   A   A   A   A
    1063 TO      48    +   +   -   -   -   +
     792 TO     791    +   +               +
     790 TO     101    +   +   A   A   A   +
   ~1124               A   A   A   A   A   A
    1064 TO      49    +   +   -   -   -   +
     806 TO     805    +   +               +
     804 TO      97    +   +   A   A   A   +
   ~1125               A   A   A   A   A   A
    1065 TO      50    +   +   -   -   -   +
     820 TO     819    +   +               +
     818 TO      93    +   +   A   A   A   +
   ~1126               A   A   A   A   A   A
    1066 TO      51    +   +   -   -   -   +
     834 TO     833    +   +               +
     832 TO      89    +   +   A   A   A   +
   ~1127               A   A   A   A   A   A
    1067 TO      52    +   +   -   -   -   +
     848 TO     847    +   +               +
     846 TO      85    +   +   A   A   A   +
   ~1128               A   A   A   A   A   A
    1068 TO      53    +   +   -   -   -   +
     862 TO     861    +   +               +
     860 TO      81    +   +   A   A   A   +
   ~1129               A   A   A   A   A   A
    1084 TO      54    +   +   -   -   -   +
     876 TO     875    +   +               +
     874 TO      77    +   +   A   A   A   +
    1085 TO      55    +   +   -   -   -   +
     890 TO     889    +   +               +
     888 TO      73    +   +   A   A   A   +
   ~1130               A   A   A   A   A   A
    1086 TO      56    +   +   -   -   -   +
    1107 TO     218    A   A   A   A   A   A
     217               +   +   A   A   A   +
      72 TO   ~1131    A   A   A   A   A   A
    1087 TO      57    +   +   -   -   -   +
    1103 TO     214    A   A   A   A   A   A
     213               +   +   A   A   A   +
      68 TO      65    A   A   A   A   A   A
    1099 TO     994    -   -   -   -   -   -
     930 TO      61    -   -   -   A   A   A
    NULL                                    

  CONSTRAINTS         U1  U2  U3  R1  R2  R3
 1                     A   A               A
 2                                          
 3                     A   A               A
 4                                          
 5                     A   A               A
 6                                          
 7                     A   A               A
 8                                          
 9                     A   A               A
 10                                         
 11                    A   A               A
 12                                         
 13                    A   A               A
 14                                         
 15                    A   A               A
 16                                         
 17                    A   A               A
 18                                         
 19                    A   A               A
 20                                         
 21                    A   A               A
 22                                         
 23                    A   A               A
 24                                         
 25                    A   A               A
 26                                         
 27                    A   A               A
 28                                         
 29                    A   A               A
 30                                         
 31                    A   A               A
 32                                         
 33                    A   A               A
 34                                         
 35                    A   A               A
 36                                         
 37                    A   A               A
 38                                         
 39                    A   A               A
 40                                         
 41                    A   A               A
 42                                         
 43                    A   A               A
 44                                         
 45                    A   A               A
 46                                         
 47                    A   A               A
 48                                         
 49                    A   A               A
 50                                         
 51                    A   A               A
 52                                         
 53                    A   A               A
 54                                         
 55                    A   A               A
 56                                         
 57                    A   A               A
 58                                         
 59                    A   A               A
 60                                         
 61                    A   A               A
 62      TO 63                              
 64                    A   A               A
 65                                         
 66                    A   A               A
 67      TO 68                              
